[2022-06-28T10:25:48.858Z] Log level: Info
[2022-06-28T10:25:48.859Z] [info] Validating found git in: git
[2022-06-28T10:25:48.947Z] [info] Using git 2.36.1 from git
[2022-06-28T10:25:49.002Z] > git rev-parse --show-toplevel [28ms]
[2022-06-28T10:25:49.041Z] > git rev-parse --git-dir --git-common-dir [30ms]
[2022-06-28T10:25:49.045Z] [info] Open repository: /home/artur/Projects/simulat
[2022-06-28T10:25:49.210Z] > git status -z -uall [146ms]
[2022-06-28T10:25:49.228Z] > git symbolic-ref --short HEAD [8ms]
[2022-06-28T10:25:49.239Z] > git for-each-ref --format=%(refname)%00%(upstream:short)%00%(objectname)%00%(upstream:track)%00%(upstream:remotename)%00%(upstream:remoteref) refs/heads/develop-bladder-mechanic refs/remotes/develop-bladder-mechanic [2ms]
[2022-06-28T10:25:49.271Z] > git remote --verbose [5ms]
[2022-06-28T10:25:49.271Z] > git for-each-ref --sort -committerdate --format %(refname) %(objectname) %(*objectname) [22ms]
[2022-06-28T10:25:49.287Z] > git config --get commit.template [1ms]
[2022-06-28T10:25:49.737Z] > git check-ignore -v -z --stdin [1ms]
[2022-06-28T10:25:50.582Z] > git fetch [1528ms]
[2022-06-28T10:25:50.642Z] > git status -z -uall [51ms]
[2022-06-28T10:25:50.684Z] > git symbolic-ref --short HEAD [33ms]
[2022-06-28T10:25:50.693Z] > git for-each-ref --format=%(refname)%00%(upstream:short)%00%(objectname)%00%(upstream:track)%00%(upstream:remotename)%00%(upstream:remoteref) refs/heads/develop-bladder-mechanic refs/remotes/develop-bladder-mechanic [1ms]
[2022-06-28T10:25:50.709Z] > git for-each-ref --sort -committerdate --format %(refname) %(objectname) %(*objectname) [8ms]
[2022-06-28T10:25:50.709Z] > git remote --verbose [2ms]
[2022-06-28T10:25:50.742Z] > git config --get commit.template [24ms]
[2022-06-28T10:25:53.079Z] > git status -z -uall [5ms]
[2022-06-28T10:25:53.089Z] > git symbolic-ref --short HEAD [1ms]
[2022-06-28T10:25:53.101Z] > git for-each-ref --format=%(refname)%00%(upstream:short)%00%(objectname)%00%(upstream:track)%00%(upstream:remotename)%00%(upstream:remoteref) refs/heads/develop-bladder-mechanic refs/remotes/develop-bladder-mechanic [2ms]
[2022-06-28T10:25:53.116Z] > git for-each-ref --sort -committerdate --format %(refname) %(objectname) %(*objectname) [8ms]
[2022-06-28T10:25:53.117Z] > git remote --verbose [2ms]
[2022-06-28T10:25:53.127Z] > git config --get commit.template [2ms]
[2022-06-28T10:33:37.790Z] > git fetch [1540ms]
[2022-06-28T10:33:37.795Z] > git status -z -uall [1ms]
[2022-06-28T10:33:37.800Z] > git symbolic-ref --short HEAD [0ms]
[2022-06-28T10:33:37.806Z] > git for-each-ref --format=%(refname)%00%(upstream:short)%00%(objectname)%00%(upstream:track)%00%(upstream:remotename)%00%(upstream:remoteref) refs/heads/develop-bladder-mechanic refs/remotes/develop-bladder-mechanic [1ms]
[2022-06-28T10:33:37.817Z] > git for-each-ref --sort -committerdate --format %(refname) %(objectname) %(*objectname) [6ms]
[2022-06-28T10:33:37.818Z] > git remote --verbose [1ms]
[2022-06-28T10:33:37.826Z] > git config --get commit.template [2ms]
[2022-06-28T10:37:07.001Z] > git fetch [1728ms]
[2022-06-28T10:37:07.008Z] > git status -z -uall [1ms]
[2022-06-28T10:37:07.015Z] > git symbolic-ref --short HEAD [1ms]
[2022-06-28T10:37:07.021Z] > git for-each-ref --format=%(refname)%00%(upstream:short)%00%(objectname)%00%(upstream:track)%00%(upstream:remotename)%00%(upstream:remoteref) refs/heads/develop-bladder-mechanic refs/remotes/develop-bladder-mechanic [1ms]
[2022-06-28T10:37:07.030Z] > git for-each-ref --sort -committerdate --format %(refname) %(objectname) %(*objectname) [5ms]
[2022-06-28T10:37:07.031Z] > git remote --verbose [1ms]
[2022-06-28T10:37:07.037Z] > git config --get commit.template [1ms]
[2022-06-28T10:40:08.507Z] > git fetch [1465ms]
[2022-06-28T10:40:08.513Z] > git status -z -uall [1ms]
[2022-06-28T10:40:08.519Z] > git symbolic-ref --short HEAD [1ms]
[2022-06-28T10:40:08.525Z] > git for-each-ref --format=%(refname)%00%(upstream:short)%00%(objectname)%00%(upstream:track)%00%(upstream:remotename)%00%(upstream:remoteref) refs/heads/develop-bladder-mechanic refs/remotes/develop-bladder-mechanic [2ms]
[2022-06-28T10:40:08.536Z] > git for-each-ref --sort -committerdate --format %(refname) %(objectname) %(*objectname) [6ms]
[2022-06-28T10:40:08.536Z] > git remote --verbose [1ms]
[2022-06-28T10:40:08.542Z] > git config --get commit.template [0ms]
[2022-06-28T10:43:10.259Z] > git fetch [1712ms]
[2022-06-28T10:43:10.266Z] > git status -z -uall [1ms]
[2022-06-28T10:43:10.273Z] > git symbolic-ref --short HEAD [1ms]
[2022-06-28T10:43:10.279Z] > git for-each-ref --format=%(refname)%00%(upstream:short)%00%(objectname)%00%(upstream:track)%00%(upstream:remotename)%00%(upstream:remoteref) refs/heads/develop-bladder-mechanic refs/remotes/develop-bladder-mechanic [1ms]
[2022-06-28T10:43:10.290Z] > git for-each-ref --sort -committerdate --format %(refname) %(objectname) %(*objectname) [6ms]
[2022-06-28T10:43:10.291Z] > git remote --verbose [1ms]
[2022-06-28T10:43:10.298Z] > git config --get commit.template [1ms]
[2022-06-28T10:46:11.740Z] > git fetch [1437ms]
[2022-06-28T10:46:11.746Z] > git status -z -uall [1ms]
[2022-06-28T10:46:11.751Z] > git symbolic-ref --short HEAD [1ms]
[2022-06-28T10:46:11.757Z] > git for-each-ref --format=%(refname)%00%(upstream:short)%00%(objectname)%00%(upstream:track)%00%(upstream:remotename)%00%(upstream:remoteref) refs/heads/develop-bladder-mechanic refs/remotes/develop-bladder-mechanic [1ms]
[2022-06-28T10:46:11.767Z] > git for-each-ref --sort -committerdate --format %(refname) %(objectname) %(*objectname) [5ms]
[2022-06-28T10:46:11.767Z] > git remote --verbose [1ms]
[2022-06-28T10:46:11.773Z] > git config --get commit.template [1ms]
[2022-06-28T10:49:13.196Z] > git fetch [1418ms]
[2022-06-28T10:49:13.202Z] > git status -z -uall [1ms]
[2022-06-28T10:49:13.207Z] > git symbolic-ref --short HEAD [0ms]
[2022-06-28T10:49:13.213Z] > git for-each-ref --format=%(refname)%00%(upstream:short)%00%(objectname)%00%(upstream:track)%00%(upstream:remotename)%00%(upstream:remoteref) refs/heads/develop-bladder-mechanic refs/remotes/develop-bladder-mechanic [0ms]
[2022-06-28T10:49:13.224Z] > git for-each-ref --sort -committerdate --format %(refname) %(objectname) %(*objectname) [6ms]
[2022-06-28T10:49:13.224Z] > git remote --verbose [1ms]
[2022-06-28T10:49:13.231Z] > git config --get commit.template [1ms]
[2022-06-28T10:52:51.369Z] > git fetch [1489ms]
[2022-06-28T10:52:51.375Z] > git status -z -uall [1ms]
[2022-06-28T10:52:51.381Z] > git symbolic-ref --short HEAD [1ms]
[2022-06-28T10:52:51.387Z] > git for-each-ref --format=%(refname)%00%(upstream:short)%00%(objectname)%00%(upstream:track)%00%(upstream:remotename)%00%(upstream:remoteref) refs/heads/develop-bladder-mechanic refs/remotes/develop-bladder-mechanic [1ms]
[2022-06-28T10:52:51.397Z] > git for-each-ref --sort -committerdate --format %(refname) %(objectname) %(*objectname) [6ms]
[2022-06-28T10:52:51.397Z] > git remote --verbose [1ms]
[2022-06-28T10:52:51.404Z] > git config --get commit.template [1ms]
[2022-06-28T11:01:00.566Z] > git fetch [1432ms]
[2022-06-28T11:01:00.574Z] > git status -z -uall [1ms]
[2022-06-28T11:01:00.579Z] > git symbolic-ref --short HEAD [1ms]
[2022-06-28T11:01:00.584Z] > git for-each-ref --format=%(refname)%00%(upstream:short)%00%(objectname)%00%(upstream:track)%00%(upstream:remotename)%00%(upstream:remoteref) refs/heads/develop-bladder-mechanic refs/remotes/develop-bladder-mechanic [1ms]
[2022-06-28T11:01:00.593Z] > git for-each-ref --sort -committerdate --format %(refname) %(objectname) %(*objectname) [5ms]
[2022-06-28T11:01:00.593Z] > git remote --verbose [1ms]
[2022-06-28T11:01:00.599Z] > git config --get commit.template [1ms]
[2022-06-28T11:04:02.025Z] > git fetch [1418ms]
[2022-06-28T11:04:02.031Z] > git status -z -uall [1ms]
[2022-06-28T11:04:02.036Z] > git symbolic-ref --short HEAD [1ms]
[2022-06-28T11:04:02.041Z] > git for-each-ref --format=%(refname)%00%(upstream:short)%00%(objectname)%00%(upstream:track)%00%(upstream:remotename)%00%(upstream:remoteref) refs/heads/develop-bladder-mechanic refs/remotes/develop-bladder-mechanic [1ms]
[2022-06-28T11:04:02.050Z] > git for-each-ref --sort -committerdate --format %(refname) %(objectname) %(*objectname) [5ms]
[2022-06-28T11:04:02.050Z] > git remote --verbose [1ms]
[2022-06-28T11:04:02.056Z] > git config --get commit.template [1ms]
[2022-06-28T11:10:53.710Z] > git fetch [1453ms]
[2022-06-28T11:10:53.717Z] > git status -z -uall [2ms]
[2022-06-28T11:10:53.723Z] > git symbolic-ref --short HEAD [2ms]
[2022-06-28T11:10:53.733Z] > git for-each-ref --format=%(refname)%00%(upstream:short)%00%(objectname)%00%(upstream:track)%00%(upstream:remotename)%00%(upstream:remoteref) refs/heads/develop-bladder-mechanic refs/remotes/develop-bladder-mechanic [5ms]
[2022-06-28T11:10:53.771Z] > git for-each-ref --sort -committerdate --format %(refname) %(objectname) %(*objectname) [9ms]
[2022-06-28T11:10:53.779Z] > git remote --verbose [10ms]
[2022-06-28T11:10:53.792Z] > git config --get commit.template [0ms]
[2022-06-28T11:13:55.195Z] > git fetch [1397ms]
[2022-06-28T11:13:55.204Z] > git status -z -uall [2ms]
[2022-06-28T11:13:55.211Z] > git symbolic-ref --short HEAD [1ms]
[2022-06-28T11:13:55.218Z] > git for-each-ref --format=%(refname)%00%(upstream:short)%00%(objectname)%00%(upstream:track)%00%(upstream:remotename)%00%(upstream:remoteref) refs/heads/develop-bladder-mechanic refs/remotes/develop-bladder-mechanic [1ms]
[2022-06-28T11:13:55.229Z] > git for-each-ref --sort -committerdate --format %(refname) %(objectname) %(*objectname) [6ms]
[2022-06-28T11:13:55.230Z] > git remote --verbose [2ms]
[2022-06-28T11:13:55.237Z] > git config --get commit.template [1ms]
[2022-06-28T11:18:11.838Z] > git fetch [1432ms]
[2022-06-28T11:18:11.847Z] > git status -z -uall [2ms]
[2022-06-28T11:18:11.855Z] > git symbolic-ref --short HEAD [1ms]
[2022-06-28T11:18:11.863Z] > git for-each-ref --format=%(refname)%00%(upstream:short)%00%(objectname)%00%(upstream:track)%00%(upstream:remotename)%00%(upstream:remoteref) refs/heads/develop-bladder-mechanic refs/remotes/develop-bladder-mechanic [2ms]
[2022-06-28T11:18:11.877Z] > git for-each-ref --sort -committerdate --format %(refname) %(objectname) %(*objectname) [7ms]
[2022-06-28T11:18:11.878Z] > git remote --verbose [2ms]
[2022-06-28T11:18:11.884Z] > git config --get commit.template [0ms]
