[2022-06-26T11:36:54.536Z] Log level: Info
[2022-06-26T11:36:54.536Z] [info] Validating found git in: git
[2022-06-26T11:36:54.555Z] [info] Using git 2.36.1 from git
[2022-06-26T11:36:54.580Z] > git rev-parse --show-toplevel [14ms]
[2022-06-26T11:36:54.591Z] > git rev-parse --git-dir --git-common-dir [1ms]
[2022-06-26T11:36:54.598Z] [info] Open repository: /home/artur/Projects/simulat
[2022-06-26T11:36:54.806Z] > git status -z -uall [191ms]
[2022-06-26T11:36:54.819Z] > git symbolic-ref --short HEAD [5ms]
[2022-06-26T11:36:54.828Z] > git for-each-ref --format=%(refname)%00%(upstream:short)%00%(objectname)%00%(upstream:track)%00%(upstream:remotename)%00%(upstream:remoteref) refs/heads/main refs/remotes/main [2ms]
[2022-06-26T11:36:54.866Z] > git for-each-ref --sort -committerdate --format %(refname) %(objectname) %(*objectname) [31ms]
[2022-06-26T11:36:54.894Z] > git remote --verbose [48ms]
[2022-06-26T11:36:54.929Z] > git config --get commit.template [9ms]
[2022-06-26T11:36:55.217Z] > git show --textconv :dialogs/game.py [9ms]
[2022-06-26T11:36:55.228Z] > git ls-files --stage -- /home/artur/Projects/simulat/dialogs/game.py [11ms]
[2022-06-26T11:36:55.260Z] > git cat-file -s f1a9e44f46966e245ea19b1e9dc2535427b61bcf [22ms]
[2022-06-26T11:36:55.306Z] > git check-ignore -v -z --stdin [4ms]
[2022-06-26T11:36:56.108Z] > git fetch [1502ms]
[2022-06-26T11:36:56.118Z] > git status -z -uall [1ms]
[2022-06-26T11:36:56.127Z] > git symbolic-ref --short HEAD [1ms]
[2022-06-26T11:36:56.137Z] > git for-each-ref --format=%(refname)%00%(upstream:short)%00%(objectname)%00%(upstream:track)%00%(upstream:remotename)%00%(upstream:remoteref) refs/heads/main refs/remotes/main [2ms]
[2022-06-26T11:36:56.156Z] > git remote --verbose [2ms]
[2022-06-26T11:36:56.156Z] > git for-each-ref --sort -committerdate --format %(refname) %(objectname) %(*objectname) [11ms]
[2022-06-26T11:36:56.168Z] > git config --get commit.template [3ms]
[2022-06-26T11:36:57.153Z] > git ls-files --stage -- /home/artur/Projects/simulat/dialogs/game.py [1ms]
[2022-06-26T11:36:57.167Z] > git cat-file -s f1a9e44f46966e245ea19b1e9dc2535427b61bcf [1ms]
[2022-06-26T11:36:57.180Z] > git show --textconv :dialogs/game.py [2ms]
[2022-06-26T11:37:27.073Z] > git status -z -uall [1ms]
[2022-06-26T11:37:27.079Z] > git symbolic-ref --short HEAD [1ms]
[2022-06-26T11:37:27.084Z] > git for-each-ref --format=%(refname)%00%(upstream:short)%00%(objectname)%00%(upstream:track)%00%(upstream:remotename)%00%(upstream:remoteref) refs/heads/main refs/remotes/main [0ms]
[2022-06-26T11:37:27.094Z] > git for-each-ref --sort -committerdate --format %(refname) %(objectname) %(*objectname) [5ms]
[2022-06-26T11:37:27.094Z] > git remote --verbose [1ms]
[2022-06-26T11:37:27.101Z] > git config --get commit.template [1ms]
[2022-06-26T11:37:27.177Z] > git ls-files --stage -- /home/artur/Projects/simulat/dialogs/game.py [1ms]
[2022-06-26T11:37:27.183Z] > git cat-file -s f1a9e44f46966e245ea19b1e9dc2535427b61bcf [1ms]
[2022-06-26T11:37:27.192Z] > git show --textconv :dialogs/game.py [2ms]
[2022-06-26T11:37:28.494Z] > git ls-files --stage -- /home/artur/Projects/simulat/dialogs/game.py [0ms]
[2022-06-26T11:37:28.500Z] > git cat-file -s f1a9e44f46966e245ea19b1e9dc2535427b61bcf [1ms]
[2022-06-26T11:37:28.507Z] > git show --textconv :dialogs/game.py [1ms]
[2022-06-26T11:37:32.108Z] > git status -z -uall [1ms]
[2022-06-26T11:37:32.113Z] > git symbolic-ref --short HEAD [1ms]
[2022-06-26T11:37:32.118Z] > git for-each-ref --format=%(refname)%00%(upstream:short)%00%(objectname)%00%(upstream:track)%00%(upstream:remotename)%00%(upstream:remoteref) refs/heads/main refs/remotes/main [1ms]
[2022-06-26T11:37:32.127Z] > git for-each-ref --sort -committerdate --format %(refname) %(objectname) %(*objectname) [4ms]
[2022-06-26T11:37:32.128Z] > git remote --verbose [1ms]
[2022-06-26T11:37:32.134Z] > git config --get commit.template [1ms]
[2022-06-26T11:39:57.336Z] > git ls-files --stage -- /home/artur/Projects/simulat/dialogs/game.py [1ms]
[2022-06-26T11:39:57.341Z] > git cat-file -s f1a9e44f46966e245ea19b1e9dc2535427b61bcf [0ms]
[2022-06-26T11:39:57.350Z] > git show --textconv :dialogs/game.py [1ms]
[2022-06-26T11:39:57.630Z] > git fetch [1456ms]
[2022-06-26T11:39:57.635Z] > git status -z -uall [1ms]
[2022-06-26T11:39:57.641Z] > git symbolic-ref --short HEAD [1ms]
[2022-06-26T11:39:57.646Z] > git for-each-ref --format=%(refname)%00%(upstream:short)%00%(objectname)%00%(upstream:track)%00%(upstream:remotename)%00%(upstream:remoteref) refs/heads/main refs/remotes/main [1ms]
[2022-06-26T11:39:57.655Z] > git for-each-ref --sort -committerdate --format %(refname) %(objectname) %(*objectname) [4ms]
[2022-06-26T11:39:57.656Z] > git remote --verbose [1ms]
[2022-06-26T11:39:57.662Z] > git config --get commit.template [0ms]
[2022-06-26T11:39:58.671Z] > git ls-files --stage -- /home/artur/Projects/simulat/dialogs/game.py [1ms]
[2022-06-26T11:39:58.676Z] > git cat-file -s f1a9e44f46966e245ea19b1e9dc2535427b61bcf [1ms]
[2022-06-26T11:39:58.685Z] > git show --textconv :dialogs/game.py [1ms]
[2022-06-26T11:42:52.353Z] > git status -z -uall [1ms]
[2022-06-26T11:42:52.364Z] > git symbolic-ref --short HEAD [6ms]
[2022-06-26T11:42:52.374Z] > git for-each-ref --format=%(refname)%00%(upstream:short)%00%(objectname)%00%(upstream:track)%00%(upstream:remotename)%00%(upstream:remoteref) refs/heads/main refs/remotes/main [5ms]
[2022-06-26T11:42:52.385Z] > git for-each-ref --sort -committerdate --format %(refname) %(objectname) %(*objectname) [6ms]
[2022-06-26T11:42:52.386Z] > git remote --verbose [2ms]
[2022-06-26T11:42:52.395Z] > git config --get commit.template [1ms]
[2022-06-26T11:42:58.851Z] > git ls-files --stage -- /home/artur/Projects/simulat/dialogs/game.py [1ms]
[2022-06-26T11:42:58.856Z] > git cat-file -s f1a9e44f46966e245ea19b1e9dc2535427b61bcf [0ms]
[2022-06-26T11:42:58.866Z] > git show --textconv :dialogs/game.py [2ms]
[2022-06-26T11:42:59.128Z] > git fetch [1460ms]
[2022-06-26T11:42:59.135Z] > git status -z -uall [2ms]
[2022-06-26T11:42:59.141Z] > git symbolic-ref --short HEAD [2ms]
[2022-06-26T11:42:59.147Z] > git for-each-ref --format=%(refname)%00%(upstream:short)%00%(objectname)%00%(upstream:track)%00%(upstream:remotename)%00%(upstream:remoteref) refs/heads/main refs/remotes/main [1ms]
[2022-06-26T11:42:59.157Z] > git for-each-ref --sort -committerdate --format %(refname) %(objectname) %(*objectname) [5ms]
[2022-06-26T11:42:59.157Z] > git remote --verbose [1ms]
[2022-06-26T11:42:59.164Z] > git config --get commit.template [1ms]
[2022-06-26T11:43:00.163Z] > git ls-files --stage -- /home/artur/Projects/simulat/dialogs/game.py [1ms]
[2022-06-26T11:43:00.169Z] > git cat-file -s f1a9e44f46966e245ea19b1e9dc2535427b61bcf [1ms]
[2022-06-26T11:43:00.178Z] > git show --textconv :dialogs/game.py [1ms]
[2022-06-26T11:46:00.332Z] > git ls-files --stage -- /home/artur/Projects/simulat/dialogs/game.py [1ms]
[2022-06-26T11:46:00.337Z] > git cat-file -s f1a9e44f46966e245ea19b1e9dc2535427b61bcf [0ms]
[2022-06-26T11:46:00.346Z] > git show --textconv :dialogs/game.py [1ms]
[2022-06-26T11:46:00.775Z] > git fetch [1604ms]
[2022-06-26T11:46:00.780Z] > git status -z -uall [1ms]
[2022-06-26T11:46:00.785Z] > git symbolic-ref --short HEAD [0ms]
[2022-06-26T11:46:00.791Z] > git for-each-ref --format=%(refname)%00%(upstream:short)%00%(objectname)%00%(upstream:track)%00%(upstream:remotename)%00%(upstream:remoteref) refs/heads/main refs/remotes/main [1ms]
[2022-06-26T11:46:00.800Z] > git for-each-ref --sort -committerdate --format %(refname) %(objectname) %(*objectname) [5ms]
[2022-06-26T11:46:00.800Z] > git remote --verbose [1ms]
[2022-06-26T11:46:00.807Z] > git config --get commit.template [1ms]
[2022-06-26T11:46:01.819Z] > git ls-files --stage -- /home/artur/Projects/simulat/dialogs/game.py [1ms]
[2022-06-26T11:46:01.824Z] > git cat-file -s f1a9e44f46966e245ea19b1e9dc2535427b61bcf [1ms]
[2022-06-26T11:46:01.834Z] > git show --textconv :dialogs/game.py [1ms]
[2022-06-26T11:46:41.472Z] > git status -z -uall [1ms]
[2022-06-26T11:46:41.477Z] > git symbolic-ref --short HEAD [1ms]
[2022-06-26T11:46:41.482Z] > git for-each-ref --format=%(refname)%00%(upstream:short)%00%(objectname)%00%(upstream:track)%00%(upstream:remotename)%00%(upstream:remoteref) refs/heads/develop-bladder-mechanic refs/remotes/develop-bladder-mechanic [1ms]
[2022-06-26T11:46:41.492Z] > git for-each-ref --sort -committerdate --format %(refname) %(objectname) %(*objectname) [5ms]
[2022-06-26T11:46:41.492Z] > git remote --verbose [1ms]
[2022-06-26T11:46:41.499Z] > git config --get commit.template [1ms]
[2022-06-26T11:46:41.574Z] > git ls-files --stage -- /home/artur/Projects/simulat/dialogs/game.py [1ms]
[2022-06-26T11:46:41.580Z] > git cat-file -s f1a9e44f46966e245ea19b1e9dc2535427b61bcf [1ms]
[2022-06-26T11:46:41.588Z] > git show --textconv :dialogs/game.py [1ms]
