[2022-06-20 14:48:09.173] [exthost] [info] Extension host with pid 52933 started
[2022-06-20 14:48:09.174] [exthost] [info] Skipping acquiring lock for /home/artur/.config/Code/User/workspaceStorage/2e976be66e085b1b032348259026f43d.
[2022-06-20 14:48:09.453] [exthost] [info] ExtensionService#_doActivateExtension ms-python.python, startup: false, activationEvent: 'onLanguage:python'
[2022-06-20 14:48:09.555] [exthost] [info] ExtensionService#_doActivateExtension ms-toolsai.jupyter, startup: false, activationEvent: 'onLanguage:python'
[2022-06-20 14:48:09.686] [exthost] [info] ExtensionService#_doActivateExtension vscode.microsoft-authentication, startup: false, activationEvent: 'onAuthenticationRequest:microsoft'
[2022-06-20 14:48:09.723] [exthost] [info] ExtensionService#_doActivateExtension vscode.debug-auto-launch, startup: true, activationEvent: '*'
[2022-06-20 14:48:09.726] [exthost] [info] ExtensionService#_doActivateExtension vscode.git-base, startup: true, activationEvent: '*', root cause: vscode.git
[2022-06-20 14:48:09.729] [exthost] [info] ExtensionService#_doActivateExtension vscode.ipynb, startup: true, activationEvent: '*'
[2022-06-20 14:48:09.732] [exthost] [info] ExtensionService#_doActivateExtension icrawl.discord-vscode, startup: true, activationEvent: '*'
[2022-06-20 14:48:09.761] [exthost] [info] ExtensionService#_doActivateExtension tonybaloney.vscode-pets, startup: true, activationEvent: '*'
[2022-06-20 14:48:09.762] [exthost] [info] ExtensionService#_doActivateExtension vscode-icons-team.vscode-icons, startup: true, activationEvent: '*'
[2022-06-20 14:48:09.783] [exthost] [info] ExtensionService#_doActivateExtension yzhang.markdown-all-in-one, startup: true, activationEvent: 'workspaceContains:README.md'
[2022-06-20 14:48:09.947] [exthost] [info] ExtensionService#_doActivateExtension vscode.markdown-math, startup: false, activationEvent: 'api', root cause: yzhang.markdown-all-in-one
[2022-06-20 14:48:10.639] [exthost] [info] ExtensionService#_doActivateExtension vscode.git, startup: true, activationEvent: '*'
[2022-06-20 14:48:10.659] [exthost] [info] ExtensionService#_doActivateExtension vscode.github, startup: true, activationEvent: '*'
[2022-06-20 14:48:11.551] [exthost] [info] ExtensionService#_doActivateExtension ms-toolsai.jupyter-renderers, startup: false, activationEvent: 'api', root cause: ms-toolsai.jupyter
[2022-06-20 14:48:11.556] [exthost] [info] ExtensionService#_doActivateExtension ms-python.vscode-pylance, startup: false, activationEvent: 'onLanguage:python'
[2022-06-20 14:48:11.915] [exthost] [info] ExtensionService#_doActivateExtension vscode.github-authentication, startup: false, activationEvent: 'onAuthenticationRequest:github'
[2022-06-20 14:48:12.546] [exthost] [info] Eager extensions activated
[2022-06-20 14:48:12.550] [exthost] [info] ExtensionService#_doActivateExtension vscode.emmet, startup: false, activationEvent: 'onStartupFinished'
[2022-06-20 14:48:12.556] [exthost] [info] ExtensionService#_doActivateExtension vscode.merge-conflict, startup: false, activationEvent: 'onStartupFinished'
[2022-06-20 14:48:12.557] [exthost] [info] ExtensionService#_doActivateExtension eamodio.gitlens, startup: false, activationEvent: 'onStartupFinished'
[2022-06-20 14:48:12.621] [exthost] [info] ExtensionService#_doActivateExtension PKief.material-icon-theme, startup: false, activationEvent: 'onStartupFinished'
[2022-06-20 14:48:12.905] [exthost] [info] ExtensionService#_doActivateExtension vscode.configuration-editing, startup: false, activationEvent: 'onLanguage:jsonc'
[2022-06-20 14:48:12.907] [exthost] [info] ExtensionService#_doActivateExtension vscode.json-language-features, startup: false, activationEvent: 'onLanguage:jsonc'
[2022-06-20 14:48:12.921] [exthost] [info] ExtensionService#_doActivateExtension vscode.typescript-language-features, startup: false, activationEvent: 'onLanguage:jsonc'
[2022-06-20 15:07:53.153] [exthost] [warning] TextEditor is closed/disposed
[2022-06-20 15:11:03.040] [exthost] [info] Extension host terminating: received terminate message from renderer
[2022-06-20 15:11:03.176] [exthost] [info] Extension host with pid 52933 exiting with code 0
