[2022-06-20T11:31:54.902Z] Log level: Info
[2022-06-20T11:31:54.903Z] [info] Validating found git in: git
[2022-06-20T11:31:55.074Z] [info] Using git 2.36.1 from git
[2022-06-20T11:31:55.102Z] > git rev-parse --show-toplevel [17ms]
[2022-06-20T11:31:55.124Z] > git rev-parse --git-dir --git-common-dir [2ms]
[2022-06-20T11:31:55.140Z] [info] Open repository: /home/artur/Projects/simulat
[2022-06-20T11:31:55.262Z] > git status -z -uall [96ms]
[2022-06-20T11:31:55.381Z] > git symbolic-ref --short HEAD [108ms]
[2022-06-20T11:31:55.445Z] > git for-each-ref --format=%(refname)%00%(upstream:short)%00%(objectname)%00%(upstream:track)%00%(upstream:remotename)%00%(upstream:remoteref) refs/heads/main refs/remotes/main [55ms]
[2022-06-20T11:31:55.502Z] > git remote --verbose [6ms]
[2022-06-20T11:31:55.502Z] > git for-each-ref --sort -committerdate --format %(refname) %(objectname) %(*objectname) [36ms]
[2022-06-20T11:31:55.551Z] > git show --textconv :dialogs/game.py [17ms]
[2022-06-20T11:31:55.552Z] > git config --get commit.template [31ms]
[2022-06-20T11:31:55.573Z] > git ls-files --stage -- /home/artur/Projects/simulat/dialogs/game.py [27ms]
[2022-06-20T11:31:55.611Z] > git fetch [455ms]
[2022-06-20T11:31:55.661Z] > git cat-file -s 5da87377cb7d64879da078bb6ac4c114b5257af2 [75ms]
[2022-06-20T11:31:55.665Z] > git status -z -uall [45ms]
[2022-06-20T11:31:55.722Z] > git check-ignore -v -z --stdin [21ms]
[2022-06-20T11:31:55.723Z] > git symbolic-ref --short HEAD [49ms]
[2022-06-20T11:31:55.746Z] > git for-each-ref --format=%(refname)%00%(upstream:short)%00%(objectname)%00%(upstream:track)%00%(upstream:remotename)%00%(upstream:remoteref) refs/heads/main refs/remotes/main [14ms]
[2022-06-20T11:31:55.776Z] > git for-each-ref --sort -committerdate --format %(refname) %(objectname) %(*objectname) [10ms]
[2022-06-20T11:31:55.795Z] > git remote --verbose [20ms]
[2022-06-20T11:31:55.811Z] > git config --get commit.template [5ms]
[2022-06-20T11:31:56.780Z] > git ls-files --stage -- /home/artur/Projects/simulat/dialogs/game.py [1ms]
[2022-06-20T11:31:56.790Z] > git cat-file -s 5da87377cb7d64879da078bb6ac4c114b5257af2 [1ms]
[2022-06-20T11:31:56.841Z] > git show --textconv :dialogs/game.py [4ms]
[2022-06-20T11:35:04.760Z] > git fetch [443ms]
[2022-06-20T11:35:04.767Z] > git status -z -uall [1ms]
[2022-06-20T11:35:04.775Z] > git symbolic-ref --short HEAD [1ms]
[2022-06-20T11:35:04.781Z] > git for-each-ref --format=%(refname)%00%(upstream:short)%00%(objectname)%00%(upstream:track)%00%(upstream:remotename)%00%(upstream:remoteref) refs/heads/main refs/remotes/main [0ms]
[2022-06-20T11:35:04.794Z] > git for-each-ref --sort -committerdate --format %(refname) %(objectname) %(*objectname) [6ms]
[2022-06-20T11:35:04.794Z] > git remote --verbose [1ms]
[2022-06-20T11:35:04.804Z] > git config --get commit.template [1ms]
[2022-06-20T11:35:05.818Z] > git status -z -uall [2ms]
[2022-06-20T11:35:05.824Z] > git symbolic-ref --short HEAD [1ms]
[2022-06-20T11:35:05.830Z] > git for-each-ref --format=%(refname)%00%(upstream:short)%00%(objectname)%00%(upstream:track)%00%(upstream:remotename)%00%(upstream:remoteref) refs/heads/main refs/remotes/main [1ms]
[2022-06-20T11:35:05.840Z] > git for-each-ref --sort -committerdate --format %(refname) %(objectname) %(*objectname) [5ms]
[2022-06-20T11:35:05.841Z] > git remote --verbose [1ms]
[2022-06-20T11:35:05.847Z] > git config --get commit.template [1ms]
[2022-06-20T11:35:37.467Z] > git status -z -uall [3ms]
[2022-06-20T11:35:37.474Z] > git symbolic-ref --short HEAD [1ms]
[2022-06-20T11:35:37.481Z] > git for-each-ref --format=%(refname)%00%(upstream:short)%00%(objectname)%00%(upstream:track)%00%(upstream:remotename)%00%(upstream:remoteref) refs/heads/main refs/remotes/main [1ms]
[2022-06-20T11:35:37.492Z] > git for-each-ref --sort -committerdate --format %(refname) %(objectname) %(*objectname) [5ms]
[2022-06-20T11:35:37.493Z] > git remote --verbose [1ms]
[2022-06-20T11:35:37.500Z] > git config --get commit.template [1ms]
[2022-06-20T11:35:42.517Z] > git status -z -uall [4ms]
[2022-06-20T11:35:42.527Z] > git symbolic-ref --short HEAD [2ms]
[2022-06-20T11:35:42.535Z] > git for-each-ref --format=%(refname)%00%(upstream:short)%00%(objectname)%00%(upstream:track)%00%(upstream:remotename)%00%(upstream:remoteref) refs/heads/main refs/remotes/main [2ms]
[2022-06-20T11:35:42.561Z] > git for-each-ref --sort -committerdate --format %(refname) %(objectname) %(*objectname) [20ms]
[2022-06-20T11:35:42.565Z] > git remote --verbose [6ms]
[2022-06-20T11:35:42.589Z] > git show --textconv :dialogs/game.py [16ms]
[2022-06-20T11:35:42.589Z] > git ls-files --stage -- /home/artur/Projects/simulat/dialogs/game.py [10ms]
[2022-06-20T11:35:42.599Z] > git cat-file -s 5da87377cb7d64879da078bb6ac4c114b5257af2 [2ms]
[2022-06-20T11:35:42.600Z] > git config --get commit.template [12ms]
[2022-06-20T11:35:49.689Z] > git show --textconv :dialogs/game.py [6ms]
[2022-06-20T11:35:49.690Z] > git ls-files --stage -- /home/artur/Projects/simulat/dialogs/game.py [2ms]
[2022-06-20T11:35:49.696Z] > git cat-file -s 5da87377cb7d64879da078bb6ac4c114b5257af2 [1ms]
[2022-06-20T11:35:49.895Z] > git status -z -uall [2ms]
[2022-06-20T11:35:49.903Z] > git symbolic-ref --short HEAD [0ms]
[2022-06-20T11:35:49.909Z] > git for-each-ref --format=%(refname)%00%(upstream:short)%00%(objectname)%00%(upstream:track)%00%(upstream:remotename)%00%(upstream:remoteref) refs/heads/main refs/remotes/main [0ms]
[2022-06-20T11:35:49.922Z] > git for-each-ref --sort -committerdate --format %(refname) %(objectname) %(*objectname) [7ms]
[2022-06-20T11:35:49.922Z] > git remote --verbose [1ms]
[2022-06-20T11:35:49.930Z] > git config --get commit.template [1ms]
[2022-06-20T11:35:57.477Z] > git status -z -uall [2ms]
[2022-06-20T11:35:57.485Z] > git symbolic-ref --short HEAD [1ms]
[2022-06-20T11:35:57.491Z] > git for-each-ref --format=%(refname)%00%(upstream:short)%00%(objectname)%00%(upstream:track)%00%(upstream:remotename)%00%(upstream:remoteref) refs/heads/main refs/remotes/main [1ms]
[2022-06-20T11:35:57.501Z] > git for-each-ref --sort -committerdate --format %(refname) %(objectname) %(*objectname) [6ms]
[2022-06-20T11:35:57.501Z] > git remote --verbose [1ms]
[2022-06-20T11:35:57.509Z] > git config --get commit.template [1ms]
[2022-06-20T11:35:59.233Z] > git show --textconv :dialogs/game.py [6ms]
[2022-06-20T11:35:59.233Z] > git ls-files --stage -- /home/artur/Projects/simulat/dialogs/game.py [1ms]
[2022-06-20T11:35:59.241Z] > git cat-file -s 5da87377cb7d64879da078bb6ac4c114b5257af2 [1ms]
[2022-06-20T11:36:02.518Z] > git status -z -uall [3ms]
[2022-06-20T11:36:02.525Z] > git symbolic-ref --short HEAD [1ms]
[2022-06-20T11:36:02.532Z] > git for-each-ref --format=%(refname)%00%(upstream:short)%00%(objectname)%00%(upstream:track)%00%(upstream:remotename)%00%(upstream:remoteref) refs/heads/main refs/remotes/main [1ms]
[2022-06-20T11:36:02.546Z] > git for-each-ref --sort -committerdate --format %(refname) %(objectname) %(*objectname) [8ms]
[2022-06-20T11:36:02.546Z] > git remote --verbose [1ms]
[2022-06-20T11:36:02.554Z] > git config --get commit.template [1ms]
[2022-06-20T11:36:08.037Z] > git status -z -uall [2ms]
[2022-06-20T11:36:08.042Z] > git symbolic-ref --short HEAD [0ms]
[2022-06-20T11:36:08.048Z] > git for-each-ref --format=%(refname)%00%(upstream:short)%00%(objectname)%00%(upstream:track)%00%(upstream:remotename)%00%(upstream:remoteref) refs/heads/main refs/remotes/main [1ms]
[2022-06-20T11:36:08.061Z] > git for-each-ref --sort -committerdate --format %(refname) %(objectname) %(*objectname) [7ms]
[2022-06-20T11:36:08.061Z] > git remote --verbose [1ms]
[2022-06-20T11:36:08.070Z] > git config --get commit.template [0ms]
[2022-06-20T11:36:11.263Z] > git show --textconv :dialogs/game.py [6ms]
[2022-06-20T11:36:11.263Z] > git ls-files --stage -- /home/artur/Projects/simulat/dialogs/game.py [1ms]
[2022-06-20T11:36:11.270Z] > git cat-file -s 5da87377cb7d64879da078bb6ac4c114b5257af2 [1ms]
[2022-06-20T11:36:25.523Z] > git show --textconv :dialogs/game.py [6ms]
[2022-06-20T11:36:25.524Z] > git ls-files --stage -- /home/artur/Projects/simulat/dialogs/game.py [2ms]
[2022-06-20T11:36:25.530Z] > git cat-file -s 5da87377cb7d64879da078bb6ac4c114b5257af2 [0ms]
[2022-06-20T11:36:25.906Z] > git status -z -uall [2ms]
[2022-06-20T11:36:25.912Z] > git symbolic-ref --short HEAD [1ms]
[2022-06-20T11:36:25.920Z] > git for-each-ref --format=%(refname)%00%(upstream:short)%00%(objectname)%00%(upstream:track)%00%(upstream:remotename)%00%(upstream:remoteref) refs/heads/main refs/remotes/main [2ms]
[2022-06-20T11:36:25.931Z] > git for-each-ref --sort -committerdate --format %(refname) %(objectname) %(*objectname) [6ms]
[2022-06-20T11:36:25.931Z] > git remote --verbose [1ms]
[2022-06-20T11:36:25.939Z] > git config --get commit.template [0ms]
[2022-06-20T11:36:27.279Z] > git show --textconv :.vscode/launch.json [42ms]
[2022-06-20T11:36:27.279Z] > git ls-files --stage -- /home/artur/Projects/simulat/.vscode/launch.json [23ms]
[2022-06-20T11:36:27.615Z] > git check-ignore -v -z --stdin [1ms]
[2022-06-20T11:36:27.671Z] > git show --textconv :dialogs/game.py [8ms]
[2022-06-20T11:36:27.672Z] > git ls-files --stage -- /home/artur/Projects/simulat/dialogs/game.py [2ms]
[2022-06-20T11:36:27.679Z] > git cat-file -s 5da87377cb7d64879da078bb6ac4c114b5257af2 [1ms]
[2022-06-20T11:37:33.250Z] > git show --textconv :dialogs/game.py [7ms]
[2022-06-20T11:37:33.251Z] > git ls-files --stage -- /home/artur/Projects/simulat/dialogs/game.py [1ms]
[2022-06-20T11:37:33.257Z] > git cat-file -s 5da87377cb7d64879da078bb6ac4c114b5257af2 [1ms]
[2022-06-20T11:37:33.806Z] > git status -z -uall [2ms]
[2022-06-20T11:37:33.814Z] > git symbolic-ref --short HEAD [3ms]
[2022-06-20T11:37:33.821Z] > git for-each-ref --format=%(refname)%00%(upstream:short)%00%(objectname)%00%(upstream:track)%00%(upstream:remotename)%00%(upstream:remoteref) refs/heads/main refs/remotes/main [2ms]
[2022-06-20T11:37:33.834Z] > git for-each-ref --sort -committerdate --format %(refname) %(objectname) %(*objectname) [7ms]
[2022-06-20T11:37:33.834Z] > git remote --verbose [1ms]
[2022-06-20T11:37:33.844Z] > git config --get commit.template [0ms]
[2022-06-20T11:37:50.819Z] > git status -z -uall [2ms]
[2022-06-20T11:37:50.826Z] > git symbolic-ref --short HEAD [1ms]
[2022-06-20T11:37:50.833Z] > git for-each-ref --format=%(refname)%00%(upstream:short)%00%(objectname)%00%(upstream:track)%00%(upstream:remotename)%00%(upstream:remoteref) refs/heads/main refs/remotes/main [1ms]
[2022-06-20T11:37:50.845Z] > git for-each-ref --sort -committerdate --format %(refname) %(objectname) %(*objectname) [6ms]
[2022-06-20T11:37:50.845Z] > git remote --verbose [1ms]
[2022-06-20T11:37:50.854Z] > git config --get commit.template [2ms]
[2022-06-20T11:37:52.951Z] > git show --textconv :dialogs/game.py [5ms]
[2022-06-20T11:37:52.952Z] > git ls-files --stage -- /home/artur/Projects/simulat/dialogs/game.py [1ms]
[2022-06-20T11:37:52.958Z] > git cat-file -s 5da87377cb7d64879da078bb6ac4c114b5257af2 [1ms]
[2022-06-20T11:37:55.863Z] > git status -z -uall [3ms]
[2022-06-20T11:37:55.869Z] > git symbolic-ref --short HEAD [1ms]
[2022-06-20T11:37:55.877Z] > git for-each-ref --format=%(refname)%00%(upstream:short)%00%(objectname)%00%(upstream:track)%00%(upstream:remotename)%00%(upstream:remoteref) refs/heads/main refs/remotes/main [1ms]
[2022-06-20T11:37:55.889Z] > git for-each-ref --sort -committerdate --format %(refname) %(objectname) %(*objectname) [6ms]
[2022-06-20T11:37:55.890Z] > git remote --verbose [1ms]
[2022-06-20T11:37:55.898Z] > git config --get commit.template [1ms]
[2022-06-20T11:38:05.241Z] > git fetch [425ms]
[2022-06-20T11:38:05.251Z] > git status -z -uall [3ms]
[2022-06-20T11:38:05.257Z] > git symbolic-ref --short HEAD [1ms]
[2022-06-20T11:38:05.263Z] > git for-each-ref --format=%(refname)%00%(upstream:short)%00%(objectname)%00%(upstream:track)%00%(upstream:remotename)%00%(upstream:remoteref) refs/heads/main refs/remotes/main [1ms]
[2022-06-20T11:38:05.273Z] > git for-each-ref --sort -committerdate --format %(refname) %(objectname) %(*objectname) [5ms]
[2022-06-20T11:38:05.273Z] > git remote --verbose [0ms]
[2022-06-20T11:38:05.281Z] > git config --get commit.template [1ms]
[2022-06-20T11:38:06.298Z] > git status -z -uall [2ms]
[2022-06-20T11:38:06.304Z] > git symbolic-ref --short HEAD [1ms]
[2022-06-20T11:38:06.310Z] > git for-each-ref --format=%(refname)%00%(upstream:short)%00%(objectname)%00%(upstream:track)%00%(upstream:remotename)%00%(upstream:remoteref) refs/heads/main refs/remotes/main [1ms]
[2022-06-20T11:38:06.320Z] > git for-each-ref --sort -committerdate --format %(refname) %(objectname) %(*objectname) [5ms]
[2022-06-20T11:38:06.320Z] > git remote --verbose [1ms]
[2022-06-20T11:38:06.327Z] > git config --get commit.template [0ms]
[2022-06-20T11:38:28.919Z] > git status -z -uall [2ms]
[2022-06-20T11:38:28.926Z] > git symbolic-ref --short HEAD [2ms]
[2022-06-20T11:38:28.932Z] > git for-each-ref --format=%(refname)%00%(upstream:short)%00%(objectname)%00%(upstream:track)%00%(upstream:remotename)%00%(upstream:remoteref) refs/heads/main refs/remotes/main [1ms]
[2022-06-20T11:38:28.943Z] > git for-each-ref --sort -committerdate --format %(refname) %(objectname) %(*objectname) [6ms]
[2022-06-20T11:38:28.943Z] > git remote --verbose [1ms]
[2022-06-20T11:38:28.950Z] > git config --get commit.template [0ms]
[2022-06-20T11:38:29.935Z] > git show --textconv :.vscode/settings.json [8ms]
[2022-06-20T11:38:29.936Z] > git ls-files --stage -- /home/artur/Projects/simulat/.vscode/settings.json [2ms]
[2022-06-20T11:38:52.486Z] > git status -z -uall [2ms]
[2022-06-20T11:38:52.492Z] > git symbolic-ref --short HEAD [0ms]
[2022-06-20T11:38:52.499Z] > git for-each-ref --format=%(refname)%00%(upstream:short)%00%(objectname)%00%(upstream:track)%00%(upstream:remotename)%00%(upstream:remoteref) refs/heads/main refs/remotes/main [1ms]
[2022-06-20T11:38:52.509Z] > git for-each-ref --sort -committerdate --format %(refname) %(objectname) %(*objectname) [5ms]
[2022-06-20T11:38:52.509Z] > git remote --verbose [1ms]
[2022-06-20T11:38:52.516Z] > git config --get commit.template [0ms]
[2022-06-20T11:39:01.872Z] > git show --textconv :dialogs/game.py [10ms]
[2022-06-20T11:39:01.877Z] > git ls-files --stage -- /home/artur/Projects/simulat/dialogs/game.py [5ms]
[2022-06-20T11:39:01.895Z] > git cat-file -s 5da87377cb7d64879da078bb6ac4c114b5257af2 [11ms]
[2022-06-20T11:40:05.969Z] > git status -z -uall [8ms]
[2022-06-20T11:40:05.977Z] > git symbolic-ref --short HEAD [2ms]
[2022-06-20T11:40:05.986Z] > git for-each-ref --format=%(refname)%00%(upstream:short)%00%(objectname)%00%(upstream:track)%00%(upstream:remotename)%00%(upstream:remoteref) refs/heads/main refs/remotes/main [3ms]
[2022-06-20T11:40:06.000Z] > git remote --verbose [1ms]
[2022-06-20T11:40:06.000Z] > git for-each-ref --sort -committerdate --format %(refname) %(objectname) %(*objectname) [7ms]
[2022-06-20T11:40:06.010Z] > git config --get commit.template [1ms]
[2022-06-20T11:40:07.389Z] > git show --textconv :.vscode/settings.json [7ms]
[2022-06-20T11:40:07.390Z] > git ls-files --stage -- /home/artur/Projects/simulat/.vscode/settings.json [2ms]
[2022-06-20T11:40:07.991Z] > git show --textconv :dialogs/game.py [8ms]
[2022-06-20T11:40:07.992Z] > git ls-files --stage -- /home/artur/Projects/simulat/dialogs/game.py [2ms]
[2022-06-20T11:40:08.000Z] > git cat-file -s 5da87377cb7d64879da078bb6ac4c114b5257af2 [2ms]
[2022-06-20T11:40:16.573Z] > git show --textconv :LICENSE [10ms]
[2022-06-20T11:40:16.575Z] > git ls-files --stage -- /home/artur/Projects/simulat/LICENSE [2ms]
[2022-06-20T11:40:16.595Z] > git cat-file -s f288702d2fa16d3cdf0035b15a9fcbc552cd88e7 [11ms]
[2022-06-20T11:40:17.093Z] > git show --textconv :main.py [7ms]
[2022-06-20T11:40:17.094Z] > git ls-files --stage -- /home/artur/Projects/simulat/main.py [1ms]
[2022-06-20T11:40:17.100Z] > git cat-file -s c7e575701c75454ba727379132c4f8ed818c5a54 [1ms]
[2022-06-20T11:40:57.844Z] > git show --textconv :.vscode/settings.json [8ms]
[2022-06-20T11:40:57.845Z] > git ls-files --stage -- /home/artur/Projects/simulat/.vscode/settings.json [1ms]
[2022-06-20T11:41:05.012Z] > git status -z -uall [2ms]
[2022-06-20T11:41:05.019Z] > git symbolic-ref --short HEAD [1ms]
[2022-06-20T11:41:05.026Z] > git for-each-ref --format=%(refname)%00%(upstream:short)%00%(objectname)%00%(upstream:track)%00%(upstream:remotename)%00%(upstream:remoteref) refs/heads/main refs/remotes/main [1ms]
[2022-06-20T11:41:05.038Z] > git for-each-ref --sort -committerdate --format %(refname) %(objectname) %(*objectname) [6ms]
[2022-06-20T11:41:05.039Z] > git remote --verbose [2ms]
[2022-06-20T11:41:05.046Z] > git config --get commit.template [1ms]
[2022-06-20T11:41:05.779Z] > git fetch [491ms]
[2022-06-20T11:41:05.788Z] > git status -z -uall [3ms]
[2022-06-20T11:41:05.796Z] > git symbolic-ref --short HEAD [3ms]
[2022-06-20T11:41:05.803Z] > git for-each-ref --format=%(refname)%00%(upstream:short)%00%(objectname)%00%(upstream:track)%00%(upstream:remotename)%00%(upstream:remoteref) refs/heads/main refs/remotes/main [1ms]
[2022-06-20T11:41:05.814Z] > git for-each-ref --sort -committerdate --format %(refname) %(objectname) %(*objectname) [5ms]
[2022-06-20T11:41:05.814Z] > git remote --verbose [1ms]
[2022-06-20T11:41:05.822Z] > git config --get commit.template [1ms]
[2022-06-20T11:41:06.938Z] > git ls-files --stage -- /home/artur/Projects/simulat/.vscode/settings.json [1ms]
[2022-06-20T11:41:06.948Z] > git show --textconv :.vscode/settings.json [1ms]
[2022-06-20T11:41:07.343Z] > git show --textconv :dialogs/game.py [14ms]
[2022-06-20T11:41:07.349Z] > git ls-files --stage -- /home/artur/Projects/simulat/dialogs/game.py [8ms]
[2022-06-20T11:41:07.356Z] > git cat-file -s 5da87377cb7d64879da078bb6ac4c114b5257af2 [0ms]
[2022-06-20T11:41:10.055Z] > git status -z -uall [2ms]
[2022-06-20T11:41:10.062Z] > git symbolic-ref --short HEAD [1ms]
[2022-06-20T11:41:10.070Z] > git for-each-ref --format=%(refname)%00%(upstream:short)%00%(objectname)%00%(upstream:track)%00%(upstream:remotename)%00%(upstream:remoteref) refs/heads/main refs/remotes/main [2ms]
[2022-06-20T11:41:10.082Z] > git for-each-ref --sort -committerdate --format %(refname) %(objectname) %(*objectname) [6ms]
[2022-06-20T11:41:10.082Z] > git remote --verbose [1ms]
[2022-06-20T11:41:10.090Z] > git config --get commit.template [1ms]
[2022-06-20T11:41:14.829Z] > git show --textconv :main.py [7ms]
[2022-06-20T11:41:14.829Z] > git ls-files --stage -- /home/artur/Projects/simulat/main.py [1ms]
[2022-06-20T11:41:14.835Z] > git cat-file -s c7e575701c75454ba727379132c4f8ed818c5a54 [1ms]
[2022-06-20T11:41:49.800Z] > git status -z -uall [9ms]
[2022-06-20T11:41:49.808Z] > git symbolic-ref --short HEAD [2ms]
[2022-06-20T11:41:49.814Z] > git for-each-ref --format=%(refname)%00%(upstream:short)%00%(objectname)%00%(upstream:track)%00%(upstream:remotename)%00%(upstream:remoteref) refs/heads/main refs/remotes/main [1ms]
[2022-06-20T11:41:49.825Z] > git for-each-ref --sort -committerdate --format %(refname) %(objectname) %(*objectname) [5ms]
[2022-06-20T11:41:49.826Z] > git remote --verbose [1ms]
[2022-06-20T11:41:49.833Z] > git config --get commit.template [1ms]
[2022-06-20T11:41:56.625Z] > git status -z -uall [2ms]
[2022-06-20T11:41:56.632Z] > git symbolic-ref --short HEAD [1ms]
[2022-06-20T11:41:56.639Z] > git for-each-ref --format=%(refname)%00%(upstream:short)%00%(objectname)%00%(upstream:track)%00%(upstream:remotename)%00%(upstream:remoteref) refs/heads/main refs/remotes/main [1ms]
[2022-06-20T11:41:56.655Z] > git for-each-ref --sort -committerdate --format %(refname) %(objectname) %(*objectname) [9ms]
[2022-06-20T11:41:56.656Z] > git remote --verbose [2ms]
[2022-06-20T11:41:56.663Z] > git config --get commit.template [1ms]
[2022-06-20T11:42:12.403Z] > git status -z -uall [2ms]
[2022-06-20T11:42:12.409Z] > git symbolic-ref --short HEAD [1ms]
[2022-06-20T11:42:12.415Z] > git for-each-ref --format=%(refname)%00%(upstream:short)%00%(objectname)%00%(upstream:track)%00%(upstream:remotename)%00%(upstream:remoteref) refs/heads/main refs/remotes/main [1ms]
[2022-06-20T11:42:12.426Z] > git for-each-ref --sort -committerdate --format %(refname) %(objectname) %(*objectname) [5ms]
[2022-06-20T11:42:12.427Z] > git remote --verbose [1ms]
[2022-06-20T11:42:12.433Z] > git config --get commit.template [0ms]
[2022-06-20T11:42:17.590Z] > git status -z -uall [7ms]
[2022-06-20T11:42:17.597Z] > git symbolic-ref --short HEAD [1ms]
[2022-06-20T11:42:17.604Z] > git for-each-ref --format=%(refname)%00%(upstream:short)%00%(objectname)%00%(upstream:track)%00%(upstream:remotename)%00%(upstream:remoteref) refs/heads/main refs/remotes/main [1ms]
[2022-06-20T11:42:17.615Z] > git for-each-ref --sort -committerdate --format %(refname) %(objectname) %(*objectname) [6ms]
[2022-06-20T11:42:17.615Z] > git remote --verbose [1ms]
[2022-06-20T11:42:17.624Z] > git config --get commit.template [2ms]
[2022-06-20T11:42:22.635Z] > git status -z -uall [2ms]
[2022-06-20T11:42:22.643Z] > git symbolic-ref --short HEAD [1ms]
[2022-06-20T11:42:22.649Z] > git for-each-ref --format=%(refname)%00%(upstream:short)%00%(objectname)%00%(upstream:track)%00%(upstream:remotename)%00%(upstream:remoteref) refs/heads/main refs/remotes/main [1ms]
[2022-06-20T11:42:22.662Z] > git remote --verbose [2ms]
[2022-06-20T11:42:22.662Z] > git for-each-ref --sort -committerdate --format %(refname) %(objectname) %(*objectname) [7ms]
[2022-06-20T11:42:22.670Z] > git config --get commit.template [1ms]
[2022-06-20T11:42:27.678Z] > git status -z -uall [2ms]
[2022-06-20T11:42:27.685Z] > git symbolic-ref --short HEAD [1ms]
[2022-06-20T11:42:27.692Z] > git for-each-ref --format=%(refname)%00%(upstream:short)%00%(objectname)%00%(upstream:track)%00%(upstream:remotename)%00%(upstream:remoteref) refs/heads/main refs/remotes/main [1ms]
[2022-06-20T11:42:27.704Z] > git for-each-ref --sort -committerdate --format %(refname) %(objectname) %(*objectname) [7ms]
[2022-06-20T11:42:27.704Z] > git remote --verbose [1ms]
[2022-06-20T11:42:27.712Z] > git config --get commit.template [1ms]
[2022-06-20T11:42:32.721Z] > git status -z -uall [2ms]
[2022-06-20T11:42:32.727Z] > git symbolic-ref --short HEAD [1ms]
[2022-06-20T11:42:32.734Z] > git for-each-ref --format=%(refname)%00%(upstream:short)%00%(objectname)%00%(upstream:track)%00%(upstream:remotename)%00%(upstream:remoteref) refs/heads/main refs/remotes/main [1ms]
[2022-06-20T11:42:32.745Z] > git for-each-ref --sort -committerdate --format %(refname) %(objectname) %(*objectname) [6ms]
[2022-06-20T11:42:32.745Z] > git remote --verbose [0ms]
[2022-06-20T11:42:32.754Z] > git config --get commit.template [1ms]
[2022-06-20T11:44:06.272Z] > git fetch [444ms]
[2022-06-20T11:44:06.279Z] > git status -z -uall [2ms]
[2022-06-20T11:44:06.285Z] > git symbolic-ref --short HEAD [0ms]
[2022-06-20T11:44:06.292Z] > git for-each-ref --format=%(refname)%00%(upstream:short)%00%(objectname)%00%(upstream:track)%00%(upstream:remotename)%00%(upstream:remoteref) refs/heads/main refs/remotes/main [1ms]
[2022-06-20T11:44:06.304Z] > git for-each-ref --sort -committerdate --format %(refname) %(objectname) %(*objectname) [7ms]
[2022-06-20T11:44:06.304Z] > git remote --verbose [1ms]
[2022-06-20T11:44:06.311Z] > git config --get commit.template [0ms]
[2022-06-20T11:44:07.328Z] > git status -z -uall [2ms]
[2022-06-20T11:44:07.335Z] > git symbolic-ref --short HEAD [1ms]
[2022-06-20T11:44:07.341Z] > git for-each-ref --format=%(refname)%00%(upstream:short)%00%(objectname)%00%(upstream:track)%00%(upstream:remotename)%00%(upstream:remoteref) refs/heads/main refs/remotes/main [1ms]
[2022-06-20T11:44:07.351Z] > git for-each-ref --sort -committerdate --format %(refname) %(objectname) %(*objectname) [6ms]
[2022-06-20T11:44:07.352Z] > git remote --verbose [1ms]
[2022-06-20T11:44:07.359Z] > git config --get commit.template [1ms]
[2022-06-20T11:44:07.436Z] > git ls-files --stage -- /home/artur/Projects/simulat/main.py [1ms]
[2022-06-20T11:44:07.442Z] > git cat-file -s c7e575701c75454ba727379132c4f8ed818c5a54 [1ms]
[2022-06-20T11:44:07.452Z] > git show --textconv :main.py [1ms]
[2022-06-20T11:44:25.068Z] > git show --textconv :dialogs/game.py [5ms]
[2022-06-20T11:44:25.069Z] > git ls-files --stage -- /home/artur/Projects/simulat/dialogs/game.py [1ms]
[2022-06-20T11:44:25.075Z] > git cat-file -s 5da87377cb7d64879da078bb6ac4c114b5257af2 [1ms]
[2022-06-20T11:44:27.668Z] > git status -z -uall [2ms]
[2022-06-20T11:44:27.674Z] > git symbolic-ref --short HEAD [0ms]
[2022-06-20T11:44:27.682Z] > git for-each-ref --format=%(refname)%00%(upstream:short)%00%(objectname)%00%(upstream:track)%00%(upstream:remotename)%00%(upstream:remoteref) refs/heads/main refs/remotes/main [1ms]
[2022-06-20T11:44:27.693Z] > git for-each-ref --sort -committerdate --format %(refname) %(objectname) %(*objectname) [6ms]
[2022-06-20T11:44:27.693Z] > git remote --verbose [1ms]
[2022-06-20T11:44:27.701Z] > git config --get commit.template [1ms]
[2022-06-20T11:44:29.984Z] > git ls-files --stage -- /home/artur/Projects/simulat/dialogs/game.py [1ms]
[2022-06-20T11:44:29.989Z] > git cat-file -s 5da87377cb7d64879da078bb6ac4c114b5257af2 [1ms]
[2022-06-20T11:44:29.998Z] > git show --textconv :dialogs/game.py [1ms]
[2022-06-20T11:44:32.710Z] > git status -z -uall [2ms]
[2022-06-20T11:44:32.717Z] > git symbolic-ref --short HEAD [0ms]
[2022-06-20T11:44:32.723Z] > git for-each-ref --format=%(refname)%00%(upstream:short)%00%(objectname)%00%(upstream:track)%00%(upstream:remotename)%00%(upstream:remoteref) refs/heads/main refs/remotes/main [1ms]
[2022-06-20T11:44:32.738Z] > git for-each-ref --sort -committerdate --format %(refname) %(objectname) %(*objectname) [8ms]
[2022-06-20T11:44:32.739Z] > git remote --verbose [3ms]
[2022-06-20T11:44:32.751Z] > git config --get commit.template [2ms]
[2022-06-20T11:45:18.018Z] > git status -z -uall [9ms]
[2022-06-20T11:45:18.028Z] > git symbolic-ref --short HEAD [3ms]
[2022-06-20T11:45:18.036Z] > git for-each-ref --format=%(refname)%00%(upstream:short)%00%(objectname)%00%(upstream:track)%00%(upstream:remotename)%00%(upstream:remoteref) refs/heads/main refs/remotes/main [1ms]
[2022-06-20T11:45:18.049Z] > git for-each-ref --sort -committerdate --format %(refname) %(objectname) %(*objectname) [7ms]
[2022-06-20T11:45:18.049Z] > git remote --verbose [1ms]
[2022-06-20T11:45:18.057Z] > git config --get commit.template [1ms]
[2022-06-20T11:45:23.066Z] > git status -z -uall [2ms]
[2022-06-20T11:45:23.073Z] > git symbolic-ref --short HEAD [1ms]
[2022-06-20T11:45:23.080Z] > git for-each-ref --format=%(refname)%00%(upstream:short)%00%(objectname)%00%(upstream:track)%00%(upstream:remotename)%00%(upstream:remoteref) refs/heads/main refs/remotes/main [1ms]
[2022-06-20T11:45:23.092Z] > git for-each-ref --sort -committerdate --format %(refname) %(objectname) %(*objectname) [6ms]
[2022-06-20T11:45:23.093Z] > git remote --verbose [1ms]
[2022-06-20T11:45:23.099Z] > git config --get commit.template [0ms]
[2022-06-20T11:45:47.680Z] > git status -z -uall [8ms]
[2022-06-20T11:45:47.687Z] > git symbolic-ref --short HEAD [2ms]
[2022-06-20T11:45:47.693Z] > git for-each-ref --format=%(refname)%00%(upstream:short)%00%(objectname)%00%(upstream:track)%00%(upstream:remotename)%00%(upstream:remoteref) refs/heads/main refs/remotes/main [1ms]
[2022-06-20T11:45:47.705Z] > git for-each-ref --sort -committerdate --format %(refname) %(objectname) %(*objectname) [6ms]
[2022-06-20T11:45:47.705Z] > git remote --verbose [1ms]
[2022-06-20T11:45:47.713Z] > git config --get commit.template [1ms]
[2022-06-20T11:47:06.878Z] > git fetch [557ms]
[2022-06-20T11:47:06.885Z] > git status -z -uall [2ms]
[2022-06-20T11:47:06.891Z] > git symbolic-ref --short HEAD [0ms]
[2022-06-20T11:47:06.897Z] > git for-each-ref --format=%(refname)%00%(upstream:short)%00%(objectname)%00%(upstream:track)%00%(upstream:remotename)%00%(upstream:remoteref) refs/heads/main refs/remotes/main [0ms]
[2022-06-20T11:47:06.909Z] > git for-each-ref --sort -committerdate --format %(refname) %(objectname) %(*objectname) [6ms]
[2022-06-20T11:47:06.909Z] > git remote --verbose [1ms]
[2022-06-20T11:47:06.917Z] > git config --get commit.template [0ms]
[2022-06-20T11:47:07.943Z] > git status -z -uall [2ms]
[2022-06-20T11:47:07.950Z] > git symbolic-ref --short HEAD [1ms]
[2022-06-20T11:47:07.956Z] > git for-each-ref --format=%(refname)%00%(upstream:short)%00%(objectname)%00%(upstream:track)%00%(upstream:remotename)%00%(upstream:remoteref) refs/heads/main refs/remotes/main [1ms]
[2022-06-20T11:47:07.968Z] > git for-each-ref --sort -committerdate --format %(refname) %(objectname) %(*objectname) [6ms]
[2022-06-20T11:47:07.968Z] > git remote --verbose [1ms]
[2022-06-20T11:47:07.976Z] > git config --get commit.template [0ms]
[2022-06-20T11:47:08.048Z] > git ls-files --stage -- /home/artur/Projects/simulat/dialogs/game.py [1ms]
[2022-06-20T11:47:08.055Z] > git cat-file -s 5da87377cb7d64879da078bb6ac4c114b5257af2 [1ms]
[2022-06-20T11:47:08.067Z] > git show --textconv :dialogs/game.py [2ms]
[2022-06-20T11:47:12.984Z] > git status -z -uall [2ms]
[2022-06-20T11:47:12.991Z] > git symbolic-ref --short HEAD [1ms]
[2022-06-20T11:47:12.998Z] > git for-each-ref --format=%(refname)%00%(upstream:short)%00%(objectname)%00%(upstream:track)%00%(upstream:remotename)%00%(upstream:remoteref) refs/heads/main refs/remotes/main [1ms]
[2022-06-20T11:47:13.010Z] > git for-each-ref --sort -committerdate --format %(refname) %(objectname) %(*objectname) [7ms]
[2022-06-20T11:47:13.010Z] > git remote --verbose [1ms]
[2022-06-20T11:47:13.018Z] > git config --get commit.template [1ms]
[2022-06-20T11:47:21.986Z] > git status -z -uall [9ms]
[2022-06-20T11:47:21.993Z] > git symbolic-ref --short HEAD [1ms]
[2022-06-20T11:47:22.000Z] > git for-each-ref --format=%(refname)%00%(upstream:short)%00%(objectname)%00%(upstream:track)%00%(upstream:remotename)%00%(upstream:remoteref) refs/heads/main refs/remotes/main [1ms]
[2022-06-20T11:47:22.012Z] > git for-each-ref --sort -committerdate --format %(refname) %(objectname) %(*objectname) [6ms]
[2022-06-20T11:47:22.013Z] > git remote --verbose [1ms]
[2022-06-20T11:47:22.020Z] > git config --get commit.template [1ms]
[2022-06-20T11:47:27.029Z] > git status -z -uall [2ms]
[2022-06-20T11:47:27.036Z] > git symbolic-ref --short HEAD [1ms]
[2022-06-20T11:47:27.043Z] > git for-each-ref --format=%(refname)%00%(upstream:short)%00%(objectname)%00%(upstream:track)%00%(upstream:remotename)%00%(upstream:remoteref) refs/heads/main refs/remotes/main [1ms]
[2022-06-20T11:47:27.053Z] > git for-each-ref --sort -committerdate --format %(refname) %(objectname) %(*objectname) [5ms]
[2022-06-20T11:47:27.054Z] > git remote --verbose [1ms]
[2022-06-20T11:47:27.061Z] > git config --get commit.template [0ms]
[2022-06-20T11:47:35.437Z] > git status -z -uall [2ms]
[2022-06-20T11:47:35.452Z] > git symbolic-ref --short HEAD [8ms]
[2022-06-20T11:47:35.461Z] > git for-each-ref --format=%(refname)%00%(upstream:short)%00%(objectname)%00%(upstream:track)%00%(upstream:remotename)%00%(upstream:remoteref) refs/heads/main refs/remotes/main [1ms]
[2022-06-20T11:47:35.476Z] > git remote --verbose [2ms]
[2022-06-20T11:47:35.476Z] > git for-each-ref --sort -committerdate --format %(refname) %(objectname) %(*objectname) [9ms]
[2022-06-20T11:47:35.484Z] > git config --get commit.template [1ms]
[2022-06-20T11:48:21.724Z] > git status -z -uall [3ms]
[2022-06-20T11:48:21.739Z] > git symbolic-ref --short HEAD [9ms]
[2022-06-20T11:48:21.747Z] > git for-each-ref --format=%(refname)%00%(upstream:short)%00%(objectname)%00%(upstream:track)%00%(upstream:remotename)%00%(upstream:remoteref) refs/heads/main refs/remotes/main [1ms]
[2022-06-20T11:48:21.762Z] > git remote --verbose [2ms]
[2022-06-20T11:48:21.762Z] > git for-each-ref --sort -committerdate --format %(refname) %(objectname) %(*objectname) [8ms]
[2022-06-20T11:48:21.772Z] > git config --get commit.template [0ms]
[2022-06-20T11:48:26.781Z] > git status -z -uall [2ms]
[2022-06-20T11:48:26.789Z] > git symbolic-ref --short HEAD [1ms]
[2022-06-20T11:48:26.795Z] > git for-each-ref --format=%(refname)%00%(upstream:short)%00%(objectname)%00%(upstream:track)%00%(upstream:remotename)%00%(upstream:remoteref) refs/heads/main refs/remotes/main [1ms]
[2022-06-20T11:48:26.808Z] > git for-each-ref --sort -committerdate --format %(refname) %(objectname) %(*objectname) [8ms]
[2022-06-20T11:48:26.808Z] > git remote --verbose [1ms]
[2022-06-20T11:48:26.815Z] > git config --get commit.template [1ms]
[2022-06-20T11:48:48.034Z] > git status -z -uall [2ms]
[2022-06-20T11:48:48.048Z] > git symbolic-ref --short HEAD [8ms]
[2022-06-20T11:48:48.055Z] > git for-each-ref --format=%(refname)%00%(upstream:short)%00%(objectname)%00%(upstream:track)%00%(upstream:remotename)%00%(upstream:remoteref) refs/heads/main refs/remotes/main [1ms]
[2022-06-20T11:48:48.068Z] > git remote --verbose [2ms]
[2022-06-20T11:48:48.068Z] > git for-each-ref --sort -committerdate --format %(refname) %(objectname) %(*objectname) [7ms]
[2022-06-20T11:48:48.076Z] > git config --get commit.template [1ms]
[2022-06-20T11:50:07.392Z] > git fetch [467ms]
[2022-06-20T11:50:07.401Z] > git status -z -uall [3ms]
[2022-06-20T11:50:07.407Z] > git symbolic-ref --short HEAD [1ms]
[2022-06-20T11:50:07.413Z] > git for-each-ref --format=%(refname)%00%(upstream:short)%00%(objectname)%00%(upstream:track)%00%(upstream:remotename)%00%(upstream:remoteref) refs/heads/main refs/remotes/main [1ms]
[2022-06-20T11:50:07.425Z] > git for-each-ref --sort -committerdate --format %(refname) %(objectname) %(*objectname) [6ms]
[2022-06-20T11:50:07.425Z] > git remote --verbose [1ms]
[2022-06-20T11:50:07.431Z] > git config --get commit.template [1ms]
[2022-06-20T11:50:08.456Z] > git status -z -uall [3ms]
[2022-06-20T11:50:08.464Z] > git symbolic-ref --short HEAD [1ms]
[2022-06-20T11:50:08.472Z] > git for-each-ref --format=%(refname)%00%(upstream:short)%00%(objectname)%00%(upstream:track)%00%(upstream:remotename)%00%(upstream:remoteref) refs/heads/main refs/remotes/main [1ms]
[2022-06-20T11:50:08.483Z] > git for-each-ref --sort -committerdate --format %(refname) %(objectname) %(*objectname) [6ms]
[2022-06-20T11:50:08.483Z] > git remote --verbose [1ms]
[2022-06-20T11:50:08.490Z] > git config --get commit.template [1ms]
[2022-06-20T11:50:08.550Z] > git ls-files --stage -- /home/artur/Projects/simulat/dialogs/game.py [1ms]
[2022-06-20T11:50:08.555Z] > git cat-file -s 5da87377cb7d64879da078bb6ac4c114b5257af2 [0ms]
[2022-06-20T11:50:08.565Z] > git show --textconv :dialogs/game.py [1ms]
[2022-06-20T11:50:30.051Z] > git show --textconv :.vscode/settings.json [10ms]
[2022-06-20T11:50:30.062Z] > git ls-files --stage -- /home/artur/Projects/simulat/.vscode/settings.json [12ms]
[2022-06-20T11:50:46.178Z] > git show --textconv :main.py [8ms]
[2022-06-20T11:50:46.178Z] > git ls-files --stage -- /home/artur/Projects/simulat/main.py [1ms]
[2022-06-20T11:50:46.187Z] > git cat-file -s c7e575701c75454ba727379132c4f8ed818c5a54 [2ms]
[2022-06-20T11:51:20.560Z] > git show --textconv :.vscode/settings.json [8ms]
[2022-06-20T11:51:20.560Z] > git ls-files --stage -- /home/artur/Projects/simulat/.vscode/settings.json [1ms]
[2022-06-20T11:51:21.039Z] > git show --textconv :main.py [6ms]
[2022-06-20T11:51:21.040Z] > git ls-files --stage -- /home/artur/Projects/simulat/main.py [1ms]
[2022-06-20T11:51:21.047Z] > git cat-file -s c7e575701c75454ba727379132c4f8ed818c5a54 [1ms]
[2022-06-20T11:51:42.847Z] > git status -z -uall [1ms]
[2022-06-20T11:51:42.855Z] > git symbolic-ref --short HEAD [1ms]
[2022-06-20T11:51:42.863Z] > git for-each-ref --format=%(refname)%00%(upstream:short)%00%(objectname)%00%(upstream:track)%00%(upstream:remotename)%00%(upstream:remoteref) refs/heads/main refs/remotes/main [1ms]
[2022-06-20T11:51:42.877Z] > git for-each-ref --sort -committerdate --format %(refname) %(objectname) %(*objectname) [7ms]
[2022-06-20T11:51:42.877Z] > git remote --verbose [1ms]
[2022-06-20T11:51:42.886Z] > git config --get commit.template [0ms]
[2022-06-20T11:51:43.942Z] > git show --textconv :dialogs/game.py [7ms]
[2022-06-20T11:51:43.943Z] > git ls-files --stage -- /home/artur/Projects/simulat/dialogs/game.py [1ms]
[2022-06-20T11:51:43.952Z] > git cat-file -s 5da87377cb7d64879da078bb6ac4c114b5257af2 [2ms]
[2022-06-20T11:51:50.051Z] > git status -z -uall [2ms]
[2022-06-20T11:51:50.064Z] > git symbolic-ref --short HEAD [8ms]
[2022-06-20T11:51:50.071Z] > git for-each-ref --format=%(refname)%00%(upstream:short)%00%(objectname)%00%(upstream:track)%00%(upstream:remotename)%00%(upstream:remoteref) refs/heads/main refs/remotes/main [1ms]
[2022-06-20T11:51:50.084Z] > git remote --verbose [2ms]
[2022-06-20T11:51:50.084Z] > git for-each-ref --sort -committerdate --format %(refname) %(objectname) %(*objectname) [8ms]
[2022-06-20T11:51:50.093Z] > git config --get commit.template [1ms]
[2022-06-20T11:51:55.102Z] > git status -z -uall [2ms]
[2022-06-20T11:51:55.108Z] > git symbolic-ref --short HEAD [0ms]
[2022-06-20T11:51:55.115Z] > git for-each-ref --format=%(refname)%00%(upstream:short)%00%(objectname)%00%(upstream:track)%00%(upstream:remotename)%00%(upstream:remoteref) refs/heads/main refs/remotes/main [1ms]
[2022-06-20T11:51:55.127Z] > git for-each-ref --sort -committerdate --format %(refname) %(objectname) %(*objectname) [6ms]
[2022-06-20T11:51:55.127Z] > git remote --verbose [1ms]
[2022-06-20T11:51:55.135Z] > git config --get commit.template [1ms]
[2022-06-20T11:52:01.376Z] > git status -z -uall [8ms]
[2022-06-20T11:52:01.385Z] > git symbolic-ref --short HEAD [2ms]
[2022-06-20T11:52:01.392Z] > git for-each-ref --format=%(refname)%00%(upstream:short)%00%(objectname)%00%(upstream:track)%00%(upstream:remotename)%00%(upstream:remoteref) refs/heads/main refs/remotes/main [1ms]
[2022-06-20T11:52:01.405Z] > git for-each-ref --sort -committerdate --format %(refname) %(objectname) %(*objectname) [6ms]
[2022-06-20T11:52:01.405Z] > git remote --verbose [0ms]
[2022-06-20T11:52:01.414Z] > git config --get commit.template [1ms]
[2022-06-20T11:52:21.154Z] > git show --textconv :main.py [7ms]
[2022-06-20T11:52:21.155Z] > git ls-files --stage -- /home/artur/Projects/simulat/main.py [1ms]
[2022-06-20T11:52:21.161Z] > git cat-file -s c7e575701c75454ba727379132c4f8ed818c5a54 [1ms]
[2022-06-20T11:52:22.938Z] > git show --textconv :dialogs/game.py [7ms]
[2022-06-20T11:52:22.939Z] > git ls-files --stage -- /home/artur/Projects/simulat/dialogs/game.py [1ms]
[2022-06-20T11:52:22.945Z] > git cat-file -s 5da87377cb7d64879da078bb6ac4c114b5257af2 [0ms]
[2022-06-20T11:52:51.581Z] > git status -z -uall [11ms]
[2022-06-20T11:52:51.598Z] > git symbolic-ref --short HEAD [11ms]
[2022-06-20T11:52:51.610Z] > git for-each-ref --format=%(refname)%00%(upstream:short)%00%(objectname)%00%(upstream:track)%00%(upstream:remotename)%00%(upstream:remoteref) refs/heads/main refs/remotes/main [4ms]
[2022-06-20T11:52:51.625Z] > git remote --verbose [1ms]
[2022-06-20T11:52:51.625Z] > git for-each-ref --sort -committerdate --format %(refname) %(objectname) %(*objectname) [8ms]
[2022-06-20T11:52:51.637Z] > git config --get commit.template [3ms]
[2022-06-20T11:52:56.646Z] > git status -z -uall [2ms]
[2022-06-20T11:52:56.653Z] > git symbolic-ref --short HEAD [1ms]
[2022-06-20T11:52:56.660Z] > git for-each-ref --format=%(refname)%00%(upstream:short)%00%(objectname)%00%(upstream:track)%00%(upstream:remotename)%00%(upstream:remoteref) refs/heads/main refs/remotes/main [2ms]
[2022-06-20T11:52:56.673Z] > git for-each-ref --sort -committerdate --format %(refname) %(objectname) %(*objectname) [7ms]
[2022-06-20T11:52:56.674Z] > git remote --verbose [2ms]
[2022-06-20T11:52:56.682Z] > git config --get commit.template [0ms]
[2022-06-20T11:53:01.691Z] > git status -z -uall [2ms]
[2022-06-20T11:53:01.699Z] > git symbolic-ref --short HEAD [1ms]
[2022-06-20T11:53:01.707Z] > git for-each-ref --format=%(refname)%00%(upstream:short)%00%(objectname)%00%(upstream:track)%00%(upstream:remotename)%00%(upstream:remoteref) refs/heads/main refs/remotes/main [1ms]
[2022-06-20T11:53:01.722Z] > git for-each-ref --sort -committerdate --format %(refname) %(objectname) %(*objectname) [8ms]
[2022-06-20T11:53:01.722Z] > git remote --verbose [1ms]
[2022-06-20T11:53:01.730Z] > git config --get commit.template [0ms]
[2022-06-20T11:53:07.891Z] > git fetch [445ms]
[2022-06-20T11:53:07.899Z] > git status -z -uall [2ms]
[2022-06-20T11:53:07.905Z] > git symbolic-ref --short HEAD [1ms]
[2022-06-20T11:53:07.913Z] > git for-each-ref --format=%(refname)%00%(upstream:short)%00%(objectname)%00%(upstream:track)%00%(upstream:remotename)%00%(upstream:remoteref) refs/heads/main refs/remotes/main [0ms]
[2022-06-20T11:53:07.923Z] > git for-each-ref --sort -committerdate --format %(refname) %(objectname) %(*objectname) [5ms]
[2022-06-20T11:53:07.924Z] > git remote --verbose [1ms]
[2022-06-20T11:53:07.931Z] > git config --get commit.template [1ms]
[2022-06-20T11:53:08.949Z] > git status -z -uall [2ms]
[2022-06-20T11:53:08.955Z] > git symbolic-ref --short HEAD [1ms]
[2022-06-20T11:53:08.962Z] > git for-each-ref --format=%(refname)%00%(upstream:short)%00%(objectname)%00%(upstream:track)%00%(upstream:remotename)%00%(upstream:remoteref) refs/heads/main refs/remotes/main [1ms]
[2022-06-20T11:53:08.975Z] > git for-each-ref --sort -committerdate --format %(refname) %(objectname) %(*objectname) [8ms]
[2022-06-20T11:53:08.975Z] > git remote --verbose [1ms]
[2022-06-20T11:53:08.983Z] > git config --get commit.template [0ms]
[2022-06-20T11:53:09.051Z] > git ls-files --stage -- /home/artur/Projects/simulat/dialogs/game.py [1ms]
[2022-06-20T11:53:09.057Z] > git cat-file -s 5da87377cb7d64879da078bb6ac4c114b5257af2 [0ms]
[2022-06-20T11:53:09.067Z] > git show --textconv :dialogs/game.py [1ms]
[2022-06-20T11:53:21.305Z] > git status -z -uall [2ms]
[2022-06-20T11:53:21.313Z] > git symbolic-ref --short HEAD [1ms]
[2022-06-20T11:53:21.327Z] > git for-each-ref --format=%(refname)%00%(upstream:short)%00%(objectname)%00%(upstream:track)%00%(upstream:remotename)%00%(upstream:remoteref) refs/heads/main refs/remotes/main [8ms]
[2022-06-20T11:53:21.338Z] > git for-each-ref --sort -committerdate --format %(refname) %(objectname) %(*objectname) [6ms]
[2022-06-20T11:53:21.339Z] > git remote --verbose [1ms]
[2022-06-20T11:53:21.348Z] > git config --get commit.template [1ms]
[2022-06-20T11:53:59.637Z] > git status -z -uall [2ms]
[2022-06-20T11:53:59.651Z] > git symbolic-ref --short HEAD [7ms]
[2022-06-20T11:53:59.659Z] > git for-each-ref --format=%(refname)%00%(upstream:short)%00%(objectname)%00%(upstream:track)%00%(upstream:remotename)%00%(upstream:remoteref) refs/heads/main refs/remotes/main [1ms]
[2022-06-20T11:53:59.673Z] > git remote --verbose [3ms]
[2022-06-20T11:53:59.673Z] > git for-each-ref --sort -committerdate --format %(refname) %(objectname) %(*objectname) [8ms]
[2022-06-20T11:53:59.682Z] > git config --get commit.template [1ms]
[2022-06-20T11:54:38.108Z] > git status -z -uall [8ms]
[2022-06-20T11:54:38.116Z] > git symbolic-ref --short HEAD [1ms]
[2022-06-20T11:54:38.124Z] > git for-each-ref --format=%(refname)%00%(upstream:short)%00%(objectname)%00%(upstream:track)%00%(upstream:remotename)%00%(upstream:remoteref) refs/heads/main refs/remotes/main [1ms]
[2022-06-20T11:54:38.137Z] > git for-each-ref --sort -committerdate --format %(refname) %(objectname) %(*objectname) [7ms]
[2022-06-20T11:54:38.137Z] > git remote --verbose [1ms]
[2022-06-20T11:54:38.145Z] > git config --get commit.template [1ms]
[2022-06-20T11:54:56.903Z] > git status -z -uall [2ms]
[2022-06-20T11:54:56.917Z] > git symbolic-ref --short HEAD [8ms]
[2022-06-20T11:54:56.925Z] > git for-each-ref --format=%(refname)%00%(upstream:short)%00%(objectname)%00%(upstream:track)%00%(upstream:remotename)%00%(upstream:remoteref) refs/heads/main refs/remotes/main [1ms]
[2022-06-20T11:54:56.939Z] > git remote --verbose [3ms]
[2022-06-20T11:54:56.939Z] > git for-each-ref --sort -committerdate --format %(refname) %(objectname) %(*objectname) [8ms]
[2022-06-20T11:54:56.947Z] > git config --get commit.template [1ms]
[2022-06-20T11:55:01.955Z] > git status -z -uall [2ms]
[2022-06-20T11:55:01.962Z] > git symbolic-ref --short HEAD [1ms]
[2022-06-20T11:55:01.969Z] > git for-each-ref --format=%(refname)%00%(upstream:short)%00%(objectname)%00%(upstream:track)%00%(upstream:remotename)%00%(upstream:remoteref) refs/heads/main refs/remotes/main [1ms]
[2022-06-20T11:55:01.983Z] > git for-each-ref --sort -committerdate --format %(refname) %(objectname) %(*objectname) [7ms]
[2022-06-20T11:55:01.983Z] > git remote --verbose [1ms]
[2022-06-20T11:55:01.991Z] > git config --get commit.template [1ms]
[2022-06-20T11:55:07.001Z] > git status -z -uall [2ms]
[2022-06-20T11:55:07.009Z] > git symbolic-ref --short HEAD [1ms]
[2022-06-20T11:55:07.016Z] > git for-each-ref --format=%(refname)%00%(upstream:short)%00%(objectname)%00%(upstream:track)%00%(upstream:remotename)%00%(upstream:remoteref) refs/heads/main refs/remotes/main [1ms]
[2022-06-20T11:55:07.030Z] > git for-each-ref --sort -committerdate --format %(refname) %(objectname) %(*objectname) [6ms]
[2022-06-20T11:55:07.030Z] > git remote --verbose [1ms]
[2022-06-20T11:55:07.039Z] > git config --get commit.template [1ms]
[2022-06-20T11:55:29.636Z] > git status -z -uall [10ms]
[2022-06-20T11:55:29.646Z] > git symbolic-ref --short HEAD [2ms]
[2022-06-20T11:55:29.656Z] > git for-each-ref --format=%(refname)%00%(upstream:short)%00%(objectname)%00%(upstream:track)%00%(upstream:remotename)%00%(upstream:remoteref) refs/heads/main refs/remotes/main [3ms]
[2022-06-20T11:55:29.672Z] > git for-each-ref --sort -committerdate --format %(refname) %(objectname) %(*objectname) [10ms]
[2022-06-20T11:55:29.673Z] > git remote --verbose [2ms]
[2022-06-20T11:55:29.683Z] > git config --get commit.template [2ms]
[2022-06-20T11:55:36.972Z] > git status -z -uall [10ms]
[2022-06-20T11:55:36.980Z] > git symbolic-ref --short HEAD [1ms]
[2022-06-20T11:55:36.988Z] > git for-each-ref --format=%(refname)%00%(upstream:short)%00%(objectname)%00%(upstream:track)%00%(upstream:remotename)%00%(upstream:remoteref) refs/heads/main refs/remotes/main [1ms]
[2022-06-20T11:55:37.004Z] > git for-each-ref --sort -committerdate --format %(refname) %(objectname) %(*objectname) [9ms]
[2022-06-20T11:55:37.009Z] > git remote --verbose [6ms]
[2022-06-20T11:55:37.021Z] > git config --get commit.template [3ms]
[2022-06-20T11:55:42.030Z] > git status -z -uall [2ms]
[2022-06-20T11:55:42.038Z] > git symbolic-ref --short HEAD [0ms]
[2022-06-20T11:55:42.044Z] > git for-each-ref --format=%(refname)%00%(upstream:short)%00%(objectname)%00%(upstream:track)%00%(upstream:remotename)%00%(upstream:remoteref) refs/heads/main refs/remotes/main [1ms]
[2022-06-20T11:55:42.056Z] > git for-each-ref --sort -committerdate --format %(refname) %(objectname) %(*objectname) [6ms]
[2022-06-20T11:55:42.057Z] > git remote --verbose [1ms]
[2022-06-20T11:55:42.064Z] > git config --get commit.template [1ms]
[2022-06-20T11:55:47.076Z] > git status -z -uall [1ms]
[2022-06-20T11:55:47.083Z] > git symbolic-ref --short HEAD [1ms]
[2022-06-20T11:55:47.090Z] > git for-each-ref --format=%(refname)%00%(upstream:short)%00%(objectname)%00%(upstream:track)%00%(upstream:remotename)%00%(upstream:remoteref) refs/heads/main refs/remotes/main [1ms]
[2022-06-20T11:55:47.102Z] > git for-each-ref --sort -committerdate --format %(refname) %(objectname) %(*objectname) [6ms]
[2022-06-20T11:55:47.102Z] > git remote --verbose [1ms]
[2022-06-20T11:55:47.110Z] > git config --get commit.template [1ms]
[2022-06-20T11:56:08.393Z] > git fetch [447ms]
[2022-06-20T11:56:08.404Z] > git status -z -uall [3ms]
[2022-06-20T11:56:08.413Z] > git symbolic-ref --short HEAD [1ms]
[2022-06-20T11:56:08.421Z] > git for-each-ref --format=%(refname)%00%(upstream:short)%00%(objectname)%00%(upstream:track)%00%(upstream:remotename)%00%(upstream:remoteref) refs/heads/main refs/remotes/main [1ms]
[2022-06-20T11:56:08.432Z] > git for-each-ref --sort -committerdate --format %(refname) %(objectname) %(*objectname) [5ms]
[2022-06-20T11:56:08.433Z] > git remote --verbose [1ms]
[2022-06-20T11:56:08.441Z] > git config --get commit.template [0ms]
[2022-06-20T11:56:09.457Z] > git status -z -uall [1ms]
[2022-06-20T11:56:09.468Z] > git symbolic-ref --short HEAD [3ms]
[2022-06-20T11:56:09.479Z] > git for-each-ref --format=%(refname)%00%(upstream:short)%00%(objectname)%00%(upstream:track)%00%(upstream:remotename)%00%(upstream:remoteref) refs/heads/main refs/remotes/main [1ms]
[2022-06-20T11:56:09.494Z] > git for-each-ref --sort -committerdate --format %(refname) %(objectname) %(*objectname) [7ms]
[2022-06-20T11:56:09.494Z] > git remote --verbose [1ms]
[2022-06-20T11:56:09.504Z] > git config --get commit.template [1ms]
[2022-06-20T11:56:09.552Z] > git ls-files --stage -- /home/artur/Projects/simulat/dialogs/game.py [1ms]
[2022-06-20T11:56:09.559Z] > git cat-file -s 5da87377cb7d64879da078bb6ac4c114b5257af2 [1ms]
[2022-06-20T11:56:09.570Z] > git show --textconv :dialogs/game.py [1ms]
[2022-06-20T11:56:17.735Z] > git status -z -uall [7ms]
[2022-06-20T11:56:17.743Z] > git symbolic-ref --short HEAD [2ms]
[2022-06-20T11:56:17.752Z] > git for-each-ref --format=%(refname)%00%(upstream:short)%00%(objectname)%00%(upstream:track)%00%(upstream:remotename)%00%(upstream:remoteref) refs/heads/main refs/remotes/main [3ms]
[2022-06-20T11:56:17.766Z] > git for-each-ref --sort -committerdate --format %(refname) %(objectname) %(*objectname) [8ms]
[2022-06-20T11:56:17.766Z] > git remote --verbose [1ms]
[2022-06-20T11:56:17.775Z] > git config --get commit.template [1ms]
[2022-06-20T11:56:23.964Z] > git status -z -uall [8ms]
[2022-06-20T11:56:23.972Z] > git symbolic-ref --short HEAD [2ms]
[2022-06-20T11:56:23.979Z] > git for-each-ref --format=%(refname)%00%(upstream:short)%00%(objectname)%00%(upstream:track)%00%(upstream:remotename)%00%(upstream:remoteref) refs/heads/main refs/remotes/main [1ms]
[2022-06-20T11:56:23.993Z] > git for-each-ref --sort -committerdate --format %(refname) %(objectname) %(*objectname) [6ms]
[2022-06-20T11:56:23.993Z] > git remote --verbose [1ms]
[2022-06-20T11:56:24.002Z] > git config --get commit.template [1ms]
[2022-06-20T11:56:29.010Z] > git status -z -uall [1ms]
[2022-06-20T11:56:29.017Z] > git symbolic-ref --short HEAD [1ms]
[2022-06-20T11:56:29.023Z] > git for-each-ref --format=%(refname)%00%(upstream:short)%00%(objectname)%00%(upstream:track)%00%(upstream:remotename)%00%(upstream:remoteref) refs/heads/main refs/remotes/main [1ms]
[2022-06-20T11:56:29.036Z] > git for-each-ref --sort -committerdate --format %(refname) %(objectname) %(*objectname) [7ms]
[2022-06-20T11:56:29.037Z] > git remote --verbose [1ms]
[2022-06-20T11:56:29.044Z] > git config --get commit.template [0ms]
[2022-06-20T11:56:41.394Z] > git status -z -uall [3ms]
[2022-06-20T11:56:41.402Z] > git symbolic-ref --short HEAD [1ms]
[2022-06-20T11:56:41.411Z] > git for-each-ref --format=%(refname)%00%(upstream:short)%00%(objectname)%00%(upstream:track)%00%(upstream:remotename)%00%(upstream:remoteref) refs/heads/main refs/remotes/main [1ms]
[2022-06-20T11:56:41.429Z] > git for-each-ref --sort -committerdate --format %(refname) %(objectname) %(*objectname) [8ms]
[2022-06-20T11:56:41.429Z] > git remote --verbose [1ms]
[2022-06-20T11:56:41.446Z] > git config --get commit.template [8ms]
[2022-06-20T11:56:58.645Z] > git status -z -uall [2ms]
[2022-06-20T11:56:58.658Z] > git symbolic-ref --short HEAD [6ms]
[2022-06-20T11:56:58.665Z] > git for-each-ref --format=%(refname)%00%(upstream:short)%00%(objectname)%00%(upstream:track)%00%(upstream:remotename)%00%(upstream:remoteref) refs/heads/main refs/remotes/main [1ms]
[2022-06-20T11:56:58.677Z] > git remote --verbose [1ms]
[2022-06-20T11:56:58.677Z] > git for-each-ref --sort -committerdate --format %(refname) %(objectname) %(*objectname) [6ms]
[2022-06-20T11:56:58.686Z] > git config --get commit.template [1ms]
[2022-06-20T11:59:39.771Z] > git fetch [461ms]
[2022-06-20T11:59:39.780Z] > git status -z -uall [2ms]
[2022-06-20T11:59:39.786Z] > git symbolic-ref --short HEAD [0ms]
[2022-06-20T11:59:39.793Z] > git for-each-ref --format=%(refname)%00%(upstream:short)%00%(objectname)%00%(upstream:track)%00%(upstream:remotename)%00%(upstream:remoteref) refs/heads/main refs/remotes/main [1ms]
[2022-06-20T11:59:39.804Z] > git for-each-ref --sort -committerdate --format %(refname) %(objectname) %(*objectname) [6ms]
[2022-06-20T11:59:39.804Z] > git remote --verbose [1ms]
[2022-06-20T11:59:39.811Z] > git config --get commit.template [1ms]
[2022-06-20T12:00:06.400Z] > git status -z -uall [2ms]
[2022-06-20T12:00:06.409Z] > git symbolic-ref --short HEAD [2ms]
[2022-06-20T12:00:06.416Z] > git for-each-ref --format=%(refname)%00%(upstream:short)%00%(objectname)%00%(upstream:track)%00%(upstream:remotename)%00%(upstream:remoteref) refs/heads/main refs/remotes/main [1ms]
[2022-06-20T12:00:06.437Z] > git for-each-ref --sort -committerdate --format %(refname) %(objectname) %(*objectname) [14ms]
[2022-06-20T12:00:06.438Z] > git ls-files --stage -- /home/artur/Projects/simulat/dialogs/game.py [1ms]
[2022-06-20T12:00:06.444Z] > git remote --verbose [14ms]
[2022-06-20T12:00:06.452Z] > git cat-file -s 5da87377cb7d64879da078bb6ac4c114b5257af2 [8ms]
[2022-06-20T12:00:06.452Z] > git config --get commit.template [1ms]
[2022-06-20T12:00:06.462Z] > git show --textconv :dialogs/game.py [1ms]
[2022-06-20T12:03:51.069Z] > git fetch [442ms]
[2022-06-20T12:03:51.078Z] > git status -z -uall [2ms]
[2022-06-20T12:03:51.086Z] > git symbolic-ref --short HEAD [1ms]
[2022-06-20T12:03:51.094Z] > git for-each-ref --format=%(refname)%00%(upstream:short)%00%(objectname)%00%(upstream:track)%00%(upstream:remotename)%00%(upstream:remoteref) refs/heads/main refs/remotes/main [1ms]
[2022-06-20T12:03:51.109Z] > git for-each-ref --sort -committerdate --format %(refname) %(objectname) %(*objectname) [8ms]
[2022-06-20T12:03:51.110Z] > git remote --verbose [2ms]
[2022-06-20T12:03:51.120Z] > git config --get commit.template [2ms]
[2022-06-20T12:08:18.734Z] > git ls-files --stage -- /home/artur/Projects/simulat/dialogs/game.py [2ms]
[2022-06-20T12:08:18.744Z] > git cat-file -s 5da87377cb7d64879da078bb6ac4c114b5257af2 [0ms]
[2022-06-20T12:08:18.758Z] > git show --textconv :dialogs/game.py [2ms]
[2022-06-20T12:08:19.147Z] > git fetch [429ms]
[2022-06-20T12:08:19.156Z] > git status -z -uall [2ms]
[2022-06-20T12:08:19.163Z] > git symbolic-ref --short HEAD [1ms]
[2022-06-20T12:08:19.171Z] > git for-each-ref --format=%(refname)%00%(upstream:short)%00%(objectname)%00%(upstream:track)%00%(upstream:remotename)%00%(upstream:remoteref) refs/heads/main refs/remotes/main [1ms]
[2022-06-20T12:08:19.185Z] > git for-each-ref --sort -committerdate --format %(refname) %(objectname) %(*objectname) [7ms]
[2022-06-20T12:08:19.186Z] > git remote --verbose [1ms]
[2022-06-20T12:08:19.195Z] > git config --get commit.template [1ms]
[2022-06-20T12:08:30.416Z] > git status -z -uall [1ms]
[2022-06-20T12:08:30.431Z] > git symbolic-ref --short HEAD [8ms]
[2022-06-20T12:08:30.439Z] > git ls-files --stage -- /home/artur/Projects/simulat/dialogs/game.py [9ms]
[2022-06-20T12:08:30.446Z] > git for-each-ref --format=%(refname)%00%(upstream:short)%00%(objectname)%00%(upstream:track)%00%(upstream:remotename)%00%(upstream:remoteref) refs/heads/main refs/remotes/main [8ms]
[2022-06-20T12:08:30.460Z] > git for-each-ref --sort -committerdate --format %(refname) %(objectname) %(*objectname) [8ms]
[2022-06-20T12:08:30.460Z] > git cat-file -s 5da87377cb7d64879da078bb6ac4c114b5257af2 [15ms]
[2022-06-20T12:08:30.460Z] > git remote --verbose [1ms]
[2022-06-20T12:08:30.475Z] > git config --get commit.template [7ms]
[2022-06-20T12:08:30.476Z] > git show --textconv :dialogs/game.py [1ms]
[2022-06-20T12:11:24.236Z] > git fetch [416ms]
[2022-06-20T12:11:24.245Z] > git status -z -uall [2ms]
[2022-06-20T12:11:24.253Z] > git symbolic-ref --short HEAD [1ms]
[2022-06-20T12:11:24.261Z] > git for-each-ref --format=%(refname)%00%(upstream:short)%00%(objectname)%00%(upstream:track)%00%(upstream:remotename)%00%(upstream:remoteref) refs/heads/main refs/remotes/main [1ms]
[2022-06-20T12:11:24.275Z] > git for-each-ref --sort -committerdate --format %(refname) %(objectname) %(*objectname) [7ms]
[2022-06-20T12:11:24.276Z] > git remote --verbose [1ms]
[2022-06-20T12:11:24.285Z] > git config --get commit.template [1ms]
[2022-06-20T12:13:10.833Z] > git status -z -uall [2ms]
[2022-06-20T12:13:10.848Z] > git symbolic-ref --short HEAD [8ms]
[2022-06-20T12:13:10.854Z] > git ls-files --stage -- /home/artur/Projects/simulat/dialogs/game.py [7ms]
[2022-06-20T12:13:10.859Z] > git for-each-ref --format=%(refname)%00%(upstream:short)%00%(objectname)%00%(upstream:track)%00%(upstream:remotename)%00%(upstream:remoteref) refs/heads/main refs/remotes/main [5ms]
[2022-06-20T12:13:10.872Z] > git for-each-ref --sort -committerdate --format %(refname) %(objectname) %(*objectname) [6ms]
[2022-06-20T12:13:10.872Z] > git cat-file -s 5da87377cb7d64879da078bb6ac4c114b5257af2 [13ms]
[2022-06-20T12:13:10.873Z] > git remote --verbose [2ms]
[2022-06-20T12:13:10.887Z] > git config --get commit.template [7ms]
[2022-06-20T12:13:10.888Z] > git show --textconv :dialogs/game.py [1ms]
[2022-06-20T12:18:53.326Z] > git fetch [432ms]
[2022-06-20T12:18:53.335Z] > git status -z -uall [2ms]
[2022-06-20T12:18:53.342Z] > git symbolic-ref --short HEAD [1ms]
[2022-06-20T12:18:53.349Z] > git for-each-ref --format=%(refname)%00%(upstream:short)%00%(objectname)%00%(upstream:track)%00%(upstream:remotename)%00%(upstream:remoteref) refs/heads/main refs/remotes/main [1ms]
[2022-06-20T12:18:53.362Z] > git for-each-ref --sort -committerdate --format %(refname) %(objectname) %(*objectname) [7ms]
[2022-06-20T12:18:53.362Z] > git remote --verbose [0ms]
[2022-06-20T12:18:53.372Z] > git config --get commit.template [0ms]
[2022-06-20T12:23:12.263Z] > git status -z -uall [2ms]
[2022-06-20T12:23:12.271Z] > git symbolic-ref --short HEAD [1ms]
[2022-06-20T12:23:12.278Z] > git for-each-ref --format=%(refname)%00%(upstream:short)%00%(objectname)%00%(upstream:track)%00%(upstream:remotename)%00%(upstream:remoteref) refs/heads/main refs/remotes/main [1ms]
[2022-06-20T12:23:12.298Z] > git for-each-ref --sort -committerdate --format %(refname) %(objectname) %(*objectname) [13ms]
[2022-06-20T12:23:12.298Z] > git remote --verbose [7ms]
[2022-06-20T12:23:12.305Z] > git ls-files --stage -- /home/artur/Projects/simulat/dialogs/game.py [8ms]
[2022-06-20T12:23:12.311Z] > git config --get commit.template [6ms]
[2022-06-20T12:23:12.312Z] > git cat-file -s 5da87377cb7d64879da078bb6ac4c114b5257af2 [2ms]
[2022-06-20T12:23:12.321Z] > git show --textconv :dialogs/game.py [1ms]
[2022-06-20T12:23:12.706Z] > git fetch [452ms]
[2022-06-20T12:23:12.713Z] > git status -z -uall [2ms]
[2022-06-20T12:23:12.720Z] > git symbolic-ref --short HEAD [1ms]
[2022-06-20T12:23:12.727Z] > git for-each-ref --format=%(refname)%00%(upstream:short)%00%(objectname)%00%(upstream:track)%00%(upstream:remotename)%00%(upstream:remoteref) refs/heads/main refs/remotes/main [1ms]
[2022-06-20T12:23:12.738Z] > git for-each-ref --sort -committerdate --format %(refname) %(objectname) %(*objectname) [6ms]
[2022-06-20T12:23:12.738Z] > git remote --verbose [1ms]
[2022-06-20T12:23:12.746Z] > git config --get commit.template [1ms]
[2022-06-20T12:32:19.023Z] > git status -z -uall [5ms]
[2022-06-20T12:32:19.045Z] > git symbolic-ref --short HEAD [13ms]
[2022-06-20T12:32:19.056Z] > git ls-files --stage -- /home/artur/Projects/simulat/dialogs/game.py [11ms]
[2022-06-20T12:32:19.066Z] > git for-each-ref --format=%(refname)%00%(upstream:short)%00%(objectname)%00%(upstream:track)%00%(upstream:remotename)%00%(upstream:remoteref) refs/heads/main refs/remotes/main [11ms]
[2022-06-20T12:32:19.084Z] > git remote --verbose [1ms]
[2022-06-20T12:32:19.085Z] > git for-each-ref --sort -committerdate --format %(refname) %(objectname) %(*objectname) [11ms]
[2022-06-20T12:32:19.085Z] > git cat-file -s 5da87377cb7d64879da078bb6ac4c114b5257af2 [21ms]
[2022-06-20T12:32:19.108Z] > git config --get commit.template [13ms]
[2022-06-20T12:32:19.110Z] > git show --textconv :dialogs/game.py [3ms]
[2022-06-20T12:32:19.444Z] > git fetch [439ms]
[2022-06-20T12:32:19.453Z] > git status -z -uall [2ms]
[2022-06-20T12:32:19.459Z] > git symbolic-ref --short HEAD [1ms]
[2022-06-20T12:32:19.466Z] > git for-each-ref --format=%(refname)%00%(upstream:short)%00%(objectname)%00%(upstream:track)%00%(upstream:remotename)%00%(upstream:remoteref) refs/heads/main refs/remotes/main [1ms]
[2022-06-20T12:32:19.479Z] > git for-each-ref --sort -committerdate --format %(refname) %(objectname) %(*objectname) [7ms]
[2022-06-20T12:32:19.479Z] > git remote --verbose [1ms]
[2022-06-20T12:32:19.488Z] > git config --get commit.template [1ms]
[2022-06-20T12:32:20.606Z] > git ls-files --stage -- /home/artur/Projects/simulat/dialogs/game.py [2ms]
[2022-06-20T12:32:20.614Z] > git cat-file -s 5da87377cb7d64879da078bb6ac4c114b5257af2 [2ms]
[2022-06-20T12:32:20.625Z] > git show --textconv :dialogs/game.py [1ms]
[2022-06-20T12:32:24.118Z] > git status -z -uall [2ms]
[2022-06-20T12:32:24.125Z] > git symbolic-ref --short HEAD [1ms]
[2022-06-20T12:32:24.132Z] > git for-each-ref --format=%(refname)%00%(upstream:short)%00%(objectname)%00%(upstream:track)%00%(upstream:remotename)%00%(upstream:remoteref) refs/heads/main refs/remotes/main [1ms]
[2022-06-20T12:32:24.144Z] > git for-each-ref --sort -committerdate --format %(refname) %(objectname) %(*objectname) [7ms]
[2022-06-20T12:32:24.144Z] > git remote --verbose [2ms]
[2022-06-20T12:32:24.152Z] > git config --get commit.template [1ms]
[2022-06-20T12:35:17.845Z] > git status -z -uall [2ms]
[2022-06-20T12:35:17.861Z] > git symbolic-ref --short HEAD [8ms]
[2022-06-20T12:35:17.872Z] > git for-each-ref --format=%(refname)%00%(upstream:short)%00%(objectname)%00%(upstream:track)%00%(upstream:remotename)%00%(upstream:remoteref) refs/heads/main refs/remotes/main [2ms]
[2022-06-20T12:35:17.893Z] > git remote --verbose [3ms]
[2022-06-20T12:35:17.893Z] > git for-each-ref --sort -committerdate --format %(refname) %(objectname) %(*objectname) [11ms]
[2022-06-20T12:35:17.903Z] > git config --get commit.template [1ms]
[2022-06-20T12:35:19.979Z] > git fetch [480ms]
[2022-06-20T12:35:19.988Z] > git status -z -uall [2ms]
[2022-06-20T12:35:19.998Z] > git symbolic-ref --short HEAD [1ms]
[2022-06-20T12:35:20.010Z] > git for-each-ref --format=%(refname)%00%(upstream:short)%00%(objectname)%00%(upstream:track)%00%(upstream:remotename)%00%(upstream:remoteref) refs/heads/main refs/remotes/main [2ms]
[2022-06-20T12:35:20.027Z] > git remote --verbose [0ms]
[2022-06-20T12:35:20.028Z] > git for-each-ref --sort -committerdate --format %(refname) %(objectname) %(*objectname) [9ms]
[2022-06-20T12:35:20.039Z] > git config --get commit.template [2ms]
[2022-06-20T12:35:21.149Z] > git ls-files --stage -- /home/artur/Projects/simulat/dialogs/game.py [1ms]
[2022-06-20T12:35:21.156Z] > git cat-file -s 5da87377cb7d64879da078bb6ac4c114b5257af2 [0ms]
[2022-06-20T12:35:21.168Z] > git show --textconv :dialogs/game.py [1ms]
[2022-06-20T12:35:35.217Z] > git status -z -uall [2ms]
[2022-06-20T12:35:35.244Z] > git symbolic-ref --short HEAD [10ms]
[2022-06-20T12:35:35.252Z] > git for-each-ref --format=%(refname)%00%(upstream:short)%00%(objectname)%00%(upstream:track)%00%(upstream:remotename)%00%(upstream:remoteref) refs/heads/main refs/remotes/main [2ms]
[2022-06-20T12:35:35.267Z] > git remote --verbose [1ms]
[2022-06-20T12:35:35.267Z] > git for-each-ref --sort -committerdate --format %(refname) %(objectname) %(*objectname) [8ms]
[2022-06-20T12:35:35.277Z] > git config --get commit.template [2ms]
[2022-06-20T12:36:07.970Z] > git status -z -uall [12ms]
[2022-06-20T12:36:07.978Z] > git symbolic-ref --short HEAD [1ms]
[2022-06-20T12:36:07.986Z] > git for-each-ref --format=%(refname)%00%(upstream:short)%00%(objectname)%00%(upstream:track)%00%(upstream:remotename)%00%(upstream:remoteref) refs/heads/main refs/remotes/main [2ms]
[2022-06-20T12:36:08.003Z] > git for-each-ref --sort -committerdate --format %(refname) %(objectname) %(*objectname) [9ms]
[2022-06-20T12:36:08.004Z] > git remote --verbose [2ms]
[2022-06-20T12:36:08.012Z] > git config --get commit.template [1ms]
[2022-06-20T12:36:16.327Z] > git status -z -uall [2ms]
[2022-06-20T12:36:16.335Z] > git symbolic-ref --short HEAD [1ms]
[2022-06-20T12:36:16.343Z] > git for-each-ref --format=%(refname)%00%(upstream:short)%00%(objectname)%00%(upstream:track)%00%(upstream:remotename)%00%(upstream:remoteref) refs/heads/main refs/remotes/main [1ms]
[2022-06-20T12:36:16.355Z] > git for-each-ref --sort -committerdate --format %(refname) %(objectname) %(*objectname) [6ms]
[2022-06-20T12:36:16.355Z] > git remote --verbose [1ms]
[2022-06-20T12:36:16.364Z] > git config --get commit.template [1ms]
[2022-06-20T12:36:24.651Z] > git status -z -uall [2ms]
[2022-06-20T12:36:24.667Z] > git symbolic-ref --short HEAD [9ms]
[2022-06-20T12:36:24.676Z] > git for-each-ref --format=%(refname)%00%(upstream:short)%00%(objectname)%00%(upstream:track)%00%(upstream:remotename)%00%(upstream:remoteref) refs/heads/main refs/remotes/main [2ms]
[2022-06-20T12:36:24.689Z] > git remote --verbose [2ms]
[2022-06-20T12:36:24.689Z] > git for-each-ref --sort -committerdate --format %(refname) %(objectname) %(*objectname) [7ms]
[2022-06-20T12:36:24.698Z] > git config --get commit.template [2ms]
[2022-06-20T12:36:30.439Z] > git status -z -uall [4ms]
[2022-06-20T12:36:30.451Z] > git symbolic-ref --short HEAD [2ms]
[2022-06-20T12:36:30.464Z] > git for-each-ref --format=%(refname)%00%(upstream:short)%00%(objectname)%00%(upstream:track)%00%(upstream:remotename)%00%(upstream:remoteref) refs/heads/main refs/remotes/main [2ms]
[2022-06-20T12:36:30.495Z] > git remote --verbose [13ms]
[2022-06-20T12:36:30.495Z] > git for-each-ref --sort -committerdate --format %(refname) %(objectname) %(*objectname) [21ms]
[2022-06-20T12:36:30.508Z] > git config --get commit.template [1ms]
[2022-06-20T12:36:35.519Z] > git status -z -uall [2ms]
[2022-06-20T12:36:35.529Z] > git symbolic-ref --short HEAD [2ms]
[2022-06-20T12:36:35.540Z] > git for-each-ref --format=%(refname)%00%(upstream:short)%00%(objectname)%00%(upstream:track)%00%(upstream:remotename)%00%(upstream:remoteref) refs/heads/main refs/remotes/main [1ms]
[2022-06-20T12:36:35.557Z] > git remote --verbose [1ms]
[2022-06-20T12:36:35.558Z] > git for-each-ref --sort -committerdate --format %(refname) %(objectname) %(*objectname) [9ms]
[2022-06-20T12:36:35.570Z] > git config --get commit.template [0ms]
[2022-06-20T12:36:40.580Z] > git status -z -uall [2ms]
[2022-06-20T12:36:40.589Z] > git symbolic-ref --short HEAD [1ms]
[2022-06-20T12:36:40.599Z] > git for-each-ref --format=%(refname)%00%(upstream:short)%00%(objectname)%00%(upstream:track)%00%(upstream:remotename)%00%(upstream:remoteref) refs/heads/main refs/remotes/main [1ms]
[2022-06-20T12:36:40.616Z] > git for-each-ref --sort -committerdate --format %(refname) %(objectname) %(*objectname) [9ms]
[2022-06-20T12:36:40.616Z] > git remote --verbose [1ms]
[2022-06-20T12:36:40.625Z] > git config --get commit.template [1ms]
[2022-06-20T12:37:09.679Z] > git status -z -uall [12ms]
[2022-06-20T12:37:09.687Z] > git symbolic-ref --short HEAD [1ms]
[2022-06-20T12:37:09.694Z] > git for-each-ref --format=%(refname)%00%(upstream:short)%00%(objectname)%00%(upstream:track)%00%(upstream:remotename)%00%(upstream:remoteref) refs/heads/main refs/remotes/main [1ms]
[2022-06-20T12:37:09.710Z] > git for-each-ref --sort -committerdate --format %(refname) %(objectname) %(*objectname) [8ms]
[2022-06-20T12:37:09.710Z] > git remote --verbose [1ms]
[2022-06-20T12:37:09.721Z] > git config --get commit.template [1ms]
[2022-06-20T12:37:31.414Z] > git status -z -uall [9ms]
[2022-06-20T12:37:31.423Z] > git symbolic-ref --short HEAD [1ms]
[2022-06-20T12:37:31.434Z] > git for-each-ref --format=%(refname)%00%(upstream:short)%00%(objectname)%00%(upstream:track)%00%(upstream:remotename)%00%(upstream:remoteref) refs/heads/main refs/remotes/main [3ms]
[2022-06-20T12:37:31.450Z] > git for-each-ref --sort -committerdate --format %(refname) %(objectname) %(*objectname) [8ms]
[2022-06-20T12:37:31.450Z] > git remote --verbose [1ms]
[2022-06-20T12:37:31.458Z] > git config --get commit.template [1ms]
[2022-06-20T12:37:57.696Z] > git status -z -uall [12ms]
[2022-06-20T12:37:57.705Z] > git symbolic-ref --short HEAD [1ms]
[2022-06-20T12:37:57.716Z] > git for-each-ref --format=%(refname)%00%(upstream:short)%00%(objectname)%00%(upstream:track)%00%(upstream:remotename)%00%(upstream:remoteref) refs/heads/main refs/remotes/main [2ms]
[2022-06-20T12:37:57.735Z] > git remote --verbose [2ms]
[2022-06-20T12:37:57.735Z] > git for-each-ref --sort -committerdate --format %(refname) %(objectname) %(*objectname) [10ms]
[2022-06-20T12:37:57.747Z] > git config --get commit.template [2ms]
[2022-06-20T12:38:02.757Z] > git status -z -uall [2ms]
[2022-06-20T12:38:02.765Z] > git symbolic-ref --short HEAD [1ms]
[2022-06-20T12:38:02.774Z] > git for-each-ref --format=%(refname)%00%(upstream:short)%00%(objectname)%00%(upstream:track)%00%(upstream:remotename)%00%(upstream:remoteref) refs/heads/main refs/remotes/main [1ms]
[2022-06-20T12:38:02.787Z] > git for-each-ref --sort -committerdate --format %(refname) %(objectname) %(*objectname) [7ms]
[2022-06-20T12:38:02.787Z] > git remote --verbose [1ms]
[2022-06-20T12:38:02.798Z] > git config --get commit.template [1ms]
[2022-06-20T12:38:07.809Z] > git status -z -uall [2ms]
[2022-06-20T12:38:07.817Z] > git symbolic-ref --short HEAD [1ms]
[2022-06-20T12:38:07.825Z] > git for-each-ref --format=%(refname)%00%(upstream:short)%00%(objectname)%00%(upstream:track)%00%(upstream:remotename)%00%(upstream:remoteref) refs/heads/main refs/remotes/main [1ms]
[2022-06-20T12:38:07.841Z] > git for-each-ref --sort -committerdate --format %(refname) %(objectname) %(*objectname) [8ms]
[2022-06-20T12:38:07.842Z] > git remote --verbose [1ms]
[2022-06-20T12:38:07.851Z] > git config --get commit.template [0ms]
[2022-06-20T12:38:20.464Z] > git fetch [418ms]
[2022-06-20T12:38:20.474Z] > git status -z -uall [2ms]
[2022-06-20T12:38:20.482Z] > git symbolic-ref --short HEAD [1ms]
[2022-06-20T12:38:20.489Z] > git for-each-ref --format=%(refname)%00%(upstream:short)%00%(objectname)%00%(upstream:track)%00%(upstream:remotename)%00%(upstream:remoteref) refs/heads/main refs/remotes/main [1ms]
[2022-06-20T12:38:20.504Z] > git for-each-ref --sort -committerdate --format %(refname) %(objectname) %(*objectname) [7ms]
[2022-06-20T12:38:20.504Z] > git remote --verbose [1ms]
[2022-06-20T12:38:20.512Z] > git config --get commit.template [1ms]
[2022-06-20T12:38:21.523Z] > git status -z -uall [2ms]
[2022-06-20T12:38:21.533Z] > git symbolic-ref --short HEAD [2ms]
[2022-06-20T12:38:21.543Z] > git for-each-ref --format=%(refname)%00%(upstream:short)%00%(objectname)%00%(upstream:track)%00%(upstream:remotename)%00%(upstream:remoteref) refs/heads/main refs/remotes/main [1ms]
[2022-06-20T12:38:21.560Z] > git for-each-ref --sort -committerdate --format %(refname) %(objectname) %(*objectname) [8ms]
[2022-06-20T12:38:21.560Z] > git remote --verbose [1ms]
[2022-06-20T12:38:21.569Z] > git config --get commit.template [1ms]
[2022-06-20T12:38:21.649Z] > git ls-files --stage -- /home/artur/Projects/simulat/dialogs/game.py [0ms]
[2022-06-20T12:38:21.658Z] > git cat-file -s 5da87377cb7d64879da078bb6ac4c114b5257af2 [1ms]
[2022-06-20T12:38:21.670Z] > git show --textconv :dialogs/game.py [2ms]
[2022-06-20T12:38:34.130Z] > git status -z -uall [14ms]
[2022-06-20T12:38:34.139Z] > git symbolic-ref --short HEAD [1ms]
[2022-06-20T12:38:34.148Z] > git for-each-ref --format=%(refname)%00%(upstream:short)%00%(objectname)%00%(upstream:track)%00%(upstream:remotename)%00%(upstream:remoteref) refs/heads/main refs/remotes/main [2ms]
[2022-06-20T12:38:34.164Z] > git for-each-ref --sort -committerdate --format %(refname) %(objectname) %(*objectname) [9ms]
[2022-06-20T12:38:34.165Z] > git remote --verbose [1ms]
[2022-06-20T12:38:34.175Z] > git config --get commit.template [1ms]
[2022-06-20T12:38:43.805Z] > git status -z -uall [9ms]
[2022-06-20T12:38:43.815Z] > git symbolic-ref --short HEAD [2ms]
[2022-06-20T12:38:43.823Z] > git for-each-ref --format=%(refname)%00%(upstream:short)%00%(objectname)%00%(upstream:track)%00%(upstream:remotename)%00%(upstream:remoteref) refs/heads/main refs/remotes/main [1ms]
[2022-06-20T12:38:43.840Z] > git for-each-ref --sort -committerdate --format %(refname) %(objectname) %(*objectname) [8ms]
[2022-06-20T12:38:43.840Z] > git remote --verbose [1ms]
[2022-06-20T12:38:43.852Z] > git config --get commit.template [1ms]
[2022-06-20T12:39:41.153Z] > git status -z -uall [11ms]
[2022-06-20T12:39:41.162Z] > git symbolic-ref --short HEAD [1ms]
[2022-06-20T12:39:41.172Z] > git for-each-ref --format=%(refname)%00%(upstream:short)%00%(objectname)%00%(upstream:track)%00%(upstream:remotename)%00%(upstream:remoteref) refs/heads/main refs/remotes/main [1ms]
[2022-06-20T12:39:41.191Z] > git for-each-ref --sort -committerdate --format %(refname) %(objectname) %(*objectname) [10ms]
[2022-06-20T12:39:41.191Z] > git remote --verbose [1ms]
[2022-06-20T12:39:41.201Z] > git config --get commit.template [1ms]
[2022-06-20T12:39:48.317Z] > git status -z -uall [2ms]
[2022-06-20T12:39:48.326Z] > git symbolic-ref --short HEAD [1ms]
[2022-06-20T12:39:48.335Z] > git for-each-ref --format=%(refname)%00%(upstream:short)%00%(objectname)%00%(upstream:track)%00%(upstream:remotename)%00%(upstream:remoteref) refs/heads/main refs/remotes/main [2ms]
[2022-06-20T12:39:48.351Z] > git remote --verbose [1ms]
[2022-06-20T12:39:48.351Z] > git for-each-ref --sort -committerdate --format %(refname) %(objectname) %(*objectname) [9ms]
[2022-06-20T12:39:48.364Z] > git config --get commit.template [2ms]
[2022-06-20T12:39:56.330Z] > git status -z -uall [8ms]
[2022-06-20T12:39:56.339Z] > git symbolic-ref --short HEAD [2ms]
[2022-06-20T12:39:56.347Z] > git for-each-ref --format=%(refname)%00%(upstream:short)%00%(objectname)%00%(upstream:track)%00%(upstream:remotename)%00%(upstream:remoteref) refs/heads/main refs/remotes/main [1ms]
[2022-06-20T12:39:56.364Z] > git remote --verbose [1ms]
[2022-06-20T12:39:56.364Z] > git for-each-ref --sort -committerdate --format %(refname) %(objectname) %(*objectname) [10ms]
[2022-06-20T12:39:56.377Z] > git config --get commit.template [0ms]
[2022-06-20T12:40:12.257Z] > git status -z -uall [9ms]
[2022-06-20T12:40:12.267Z] > git symbolic-ref --short HEAD [2ms]
[2022-06-20T12:40:12.275Z] > git for-each-ref --format=%(refname)%00%(upstream:short)%00%(objectname)%00%(upstream:track)%00%(upstream:remotename)%00%(upstream:remoteref) refs/heads/main refs/remotes/main [1ms]
[2022-06-20T12:40:12.290Z] > git for-each-ref --sort -committerdate --format %(refname) %(objectname) %(*objectname) [8ms]
[2022-06-20T12:40:12.290Z] > git remote --verbose [1ms]
[2022-06-20T12:40:12.299Z] > git config --get commit.template [1ms]
[2022-06-20T12:40:27.433Z] > git status -z -uall [10ms]
[2022-06-20T12:40:27.447Z] > git symbolic-ref --short HEAD [1ms]
[2022-06-20T12:40:27.457Z] > git for-each-ref --format=%(refname)%00%(upstream:short)%00%(objectname)%00%(upstream:track)%00%(upstream:remotename)%00%(upstream:remoteref) refs/heads/main refs/remotes/main [1ms]
[2022-06-20T12:40:27.482Z] > git remote --verbose [3ms]
[2022-06-20T12:40:27.482Z] > git for-each-ref --sort -committerdate --format %(refname) %(objectname) %(*objectname) [14ms]
[2022-06-20T12:40:27.493Z] > git config --get commit.template [1ms]
[2022-06-20T12:40:32.505Z] > git status -z -uall [3ms]
[2022-06-20T12:40:32.513Z] > git symbolic-ref --short HEAD [1ms]
[2022-06-20T12:40:32.523Z] > git for-each-ref --format=%(refname)%00%(upstream:short)%00%(objectname)%00%(upstream:track)%00%(upstream:remotename)%00%(upstream:remoteref) refs/heads/main refs/remotes/main [1ms]
[2022-06-20T12:40:32.537Z] > git for-each-ref --sort -committerdate --format %(refname) %(objectname) %(*objectname) [7ms]
[2022-06-20T12:40:32.537Z] > git remote --verbose [1ms]
[2022-06-20T12:40:32.548Z] > git config --get commit.template [2ms]
[2022-06-20T12:40:54.596Z] > git status -z -uall [2ms]
[2022-06-20T12:40:54.614Z] > git symbolic-ref --short HEAD [10ms]
[2022-06-20T12:40:54.623Z] > git for-each-ref --format=%(refname)%00%(upstream:short)%00%(objectname)%00%(upstream:track)%00%(upstream:remotename)%00%(upstream:remoteref) refs/heads/main refs/remotes/main [1ms]
[2022-06-20T12:40:54.641Z] > git remote --verbose [2ms]
[2022-06-20T12:40:54.641Z] > git for-each-ref --sort -committerdate --format %(refname) %(objectname) %(*objectname) [10ms]
[2022-06-20T12:40:54.652Z] > git config --get commit.template [1ms]
[2022-06-20T12:46:10.700Z] > git show --textconv :main.py [13ms]
[2022-06-20T12:46:10.701Z] > git ls-files --stage -- /home/artur/Projects/simulat/main.py [2ms]
[2022-06-20T12:46:10.730Z] > git cat-file -s 61d653cd4a36c2635719c502a480f233435eb461 [14ms]
[2022-06-20T12:46:26.975Z] > git status -z -uall [14ms]
[2022-06-20T12:46:26.983Z] > git ls-files --stage -- /home/artur/Projects/simulat/main.py [8ms]
[2022-06-20T12:46:26.995Z] > git symbolic-ref --short HEAD [12ms]
[2022-06-20T12:46:27.005Z] > git cat-file -s 61d653cd4a36c2635719c502a480f233435eb461 [12ms]
[2022-06-20T12:46:27.005Z] > git for-each-ref --format=%(refname)%00%(upstream:short)%00%(objectname)%00%(upstream:track)%00%(upstream:remotename)%00%(upstream:remoteref) refs/heads/main refs/remotes/main [1ms]
[2022-06-20T12:46:27.026Z] > git for-each-ref --sort -committerdate --format %(refname) %(objectname) %(*objectname) [9ms]
[2022-06-20T12:46:27.028Z] > git remote --verbose [3ms]
[2022-06-20T12:46:27.042Z] > git config --get commit.template [2ms]
[2022-06-20T12:46:27.058Z] > git show --textconv :main.py [1ms]
[2022-06-20T12:46:27.421Z] > git fetch [469ms]
[2022-06-20T12:46:27.432Z] > git status -z -uall [1ms]
[2022-06-20T12:46:27.442Z] > git symbolic-ref --short HEAD [1ms]
[2022-06-20T12:46:27.453Z] > git for-each-ref --format=%(refname)%00%(upstream:short)%00%(objectname)%00%(upstream:track)%00%(upstream:remotename)%00%(upstream:remoteref) refs/heads/main refs/remotes/main [1ms]
[2022-06-20T12:46:27.473Z] > git for-each-ref --sort -committerdate --format %(refname) %(objectname) %(*objectname) [13ms]
[2022-06-20T12:46:27.474Z] > git remote --verbose [3ms]
[2022-06-20T12:46:27.484Z] > git config --get commit.template [1ms]
[2022-06-20T12:46:28.585Z] > git ls-files --stage -- /home/artur/Projects/simulat/main.py [1ms]
[2022-06-20T12:46:28.593Z] > git cat-file -s 61d653cd4a36c2635719c502a480f233435eb461 [1ms]
[2022-06-20T12:46:28.606Z] > git show --textconv :main.py [1ms]
[2022-06-20T12:46:32.052Z] > git status -z -uall [1ms]
[2022-06-20T12:46:32.061Z] > git symbolic-ref --short HEAD [1ms]
[2022-06-20T12:46:32.070Z] > git for-each-ref --format=%(refname)%00%(upstream:short)%00%(objectname)%00%(upstream:track)%00%(upstream:remotename)%00%(upstream:remoteref) refs/heads/main refs/remotes/main [2ms]
[2022-06-20T12:46:32.088Z] > git for-each-ref --sort -committerdate --format %(refname) %(objectname) %(*objectname) [9ms]
[2022-06-20T12:46:32.088Z] > git remote --verbose [1ms]
[2022-06-20T12:46:32.097Z] > git config --get commit.template [0ms]
[2022-06-20T12:47:31.272Z] > git status -z -uall [2ms]
[2022-06-20T12:47:31.279Z] > git symbolic-ref --short HEAD [1ms]
[2022-06-20T12:47:31.287Z] > git for-each-ref --format=%(refname)%00%(upstream:short)%00%(objectname)%00%(upstream:track)%00%(upstream:remotename)%00%(upstream:remoteref) refs/heads/main refs/remotes/main [1ms]
[2022-06-20T12:47:31.302Z] > git for-each-ref --sort -committerdate --format %(refname) %(objectname) %(*objectname) [7ms]
[2022-06-20T12:47:31.302Z] > git remote --verbose [0ms]
[2022-06-20T12:47:31.311Z] > git config --get commit.template [1ms]
[2022-06-20T12:47:31.374Z] > git ls-files --stage -- /home/artur/Projects/simulat/main.py [1ms]
[2022-06-20T12:47:31.381Z] > git cat-file -s 61d653cd4a36c2635719c502a480f233435eb461 [1ms]
[2022-06-20T12:47:31.394Z] > git show --textconv :main.py [1ms]
