[Info  - 11:31:55.275] Reading sessions from keychain...
[Info  - 11:31:55.397] Getting sessions for user:email...
[Trace  - 11:31:55.430] Token acquired from secret storage.
[Info  - 11:31:55.430] Got stored sessions!
[Trace  - 11:31:55.430] Read the following session from the keychain with the following scopes: user:email
[Info  - 11:31:55.430] Got 1 verified sessions.
[Info  - 11:31:55.445] Got 1 sessions for user:email...
[Info  - 11:31:55.499] Getting sessions for all scopes...
[Info  - 11:31:55.499] Got 1 sessions for ...
[Info  - 11:31:55.860] Getting sessions for read:user,repo,user:email...
[Info  - 11:31:55.861] Got 0 sessions for read:user,repo,user:email...
[Info  - 12:46:22.247] Getting sessions for read:user,repo,user:email,workflow...
[Info  - 12:46:22.247] Got 0 sessions for read:user,repo,user:email,workflow...
[Info  - 12:46:26.963] Logging in for the following scopes: read:user repo user:email workflow
[Info  - 12:46:26.994] Trying without local server... (read:user repo user:email workflow)
[Error  - 12:47:27.59] Cancelled
[Error  - 12:47:58.337] Error: Cancelled
[Error  - 12:47:59.748] Error: Cancelled
[Info  - 12:48:04.316] Getting sessions for read:user,repo,user:email...
[Info  - 12:48:04.316] Got 0 sessions for read:user,repo,user:email...
