[2022-06-16 14:58:14.690] [warn] error on createContextMenu prepend
[2022-06-16 14:58:14.693] [warn] error on createContextMenu listeners
[2022-06-16 14:58:19.857] [warn] error on createContextMenu prepend
[2022-06-16 14:58:19.858] [warn] error on createContextMenu listeners
[2022-06-16 14:58:28.721] [warn] error on createContextMenu prepend
[2022-06-16 14:58:28.722] [warn] error on createContextMenu listeners
[2022-06-16 14:58:29.253] [warn] error on createContextMenu prepend
[2022-06-16 14:58:29.255] [warn] error on createContextMenu listeners
[2022-06-16 15:04:26.176] [warn] error on createContextMenu prepend
[2022-06-16 15:04:26.177] [warn] error on createContextMenu listeners
[2022-06-16 15:04:26.775] [warn] error on createContextMenu prepend
[2022-06-16 15:04:26.776] [warn] error on createContextMenu listeners
[2022-06-16 15:04:31.018] [warn] error on createContextMenu prepend
[2022-06-16 15:04:31.019] [warn] error on createContextMenu listeners
[2022-06-16 15:04:37.216] [warn] error on createContextMenu prepend
[2022-06-16 15:04:37.217] [warn] error on createContextMenu listeners
[2022-06-16 15:04:37.741] [warn] error on createContextMenu prepend
[2022-06-16 15:04:37.743] [warn] error on createContextMenu listeners
[2022-06-16 15:08:50.755] [warn] error on createContextMenu prepend
[2022-06-16 15:08:50.755] [warn] error on createContextMenu listeners
[2022-06-16 15:11:19.276] [warn] error on createContextMenu prepend
[2022-06-16 15:11:19.279] [warn] error on createContextMenu listeners
[2022-06-16 15:21:10.430] [info] Listen: Crossfire - Stephen
[2022-06-16 15:23:12.691] [info] Listen: Alessia Cara - Here (Lucian Remix) - Trap Nation
[2022-06-16 15:23:16.296] [info] Listen: Let's Go - Lensko
[2022-06-16 15:23:55.025] [info] Listen: nowhere to run - stegosaurus rex (s l o w e d  d o w n) - s l o w e d d o w n audios
[2022-06-16 15:24:00.415] [info] Listen: On & On (feat. Daniel Levi) - Cartoon
[2022-06-16 15:26:16.354] [warn] error on createContextMenu prepend
[2022-06-16 15:26:16.357] [warn] error on createContextMenu listeners
[2022-06-16 15:26:29.183] [warn] error on createContextMenu prepend
[2022-06-16 15:26:29.184] [warn] error on createContextMenu listeners
[2022-06-16 15:26:35.731] [warn] error on createContextMenu prepend
[2022-06-16 15:26:35.731] [warn] error on createContextMenu listeners
[2022-06-16 15:26:36.265] [warn] error on createContextMenu prepend
[2022-06-16 15:26:36.266] [warn] error on createContextMenu listeners
[2022-06-16 17:42:05.984] [warn] error on createContextMenu prepend
[2022-06-16 17:42:05.987] [warn] error on createContextMenu listeners
[2022-06-16 17:42:13.113] [warn] error on createContextMenu prepend
[2022-06-16 17:42:13.114] [warn] error on createContextMenu listeners
[2022-06-16 17:43:26.010] [warn] error on createContextMenu prepend
[2022-06-16 17:43:26.012] [warn] error on createContextMenu listeners
[2022-06-16 17:43:26.526] [warn] error on createContextMenu prepend
[2022-06-16 17:43:26.527] [warn] error on createContextMenu listeners
[2022-06-16 17:44:10.171] [warn] error on createContextMenu prepend
[2022-06-16 17:44:10.172] [warn] error on createContextMenu listeners
[2022-06-16 17:44:10.673] [warn] error on createContextMenu prepend
[2022-06-16 17:44:10.674] [warn] error on createContextMenu listeners
[2022-06-16 17:53:02.010] [warn] error on createContextMenu prepend
[2022-06-16 17:53:02.014] [warn] error on createContextMenu listeners
[2022-06-16 17:53:07.771] [warn] error on createContextMenu prepend
[2022-06-16 17:53:07.772] [warn] error on createContextMenu listeners
[2022-06-16 21:43:50.102] [warn] error on createContextMenu prepend
[2022-06-16 21:43:50.105] [warn] error on createContextMenu listeners
[2022-06-17 14:11:35.409] [warn] error on createContextMenu prepend
[2022-06-17 14:11:35.415] [warn] error on createContextMenu listeners
[2022-06-17 14:11:39.078] [warn] error on createContextMenu prepend
[2022-06-17 14:11:39.080] [warn] error on createContextMenu listeners
[2022-06-17 14:11:39.597] [warn] error on createContextMenu prepend
[2022-06-17 14:11:39.598] [warn] error on createContextMenu listeners
[2022-06-17 14:13:50.761] [warn] error on createContextMenu prepend
[2022-06-17 14:13:50.765] [warn] error on createContextMenu listeners
[2022-06-17 14:18:36.040] [warn] error on createContextMenu prepend
[2022-06-17 14:18:36.043] [warn] error on createContextMenu listeners
[2022-06-17 14:19:36.780] [warn] error on createContextMenu prepend
[2022-06-17 14:19:36.784] [warn] error on createContextMenu listeners
[2022-06-17 14:24:40.303] [warn] error on createContextMenu prepend
[2022-06-17 14:24:40.306] [warn] error on createContextMenu listeners
[2022-06-17 14:25:08.457] [warn] error on createContextMenu prepend
[2022-06-17 14:25:08.459] [warn] error on createContextMenu listeners
[2022-06-17 14:25:13.942] [warn] error on createContextMenu prepend
[2022-06-17 14:25:13.943] [warn] error on createContextMenu listeners
[2022-06-17 14:25:22.553] [warn] error on createContextMenu prepend
[2022-06-17 14:25:22.553] [warn] error on createContextMenu listeners
[2022-06-17 14:30:45.778] [info] Listen: Madonna - Hung up (Great Remix) - GrossKhan
[2022-06-17 14:30:49.680] [info] Listen: Like I Do - David Guetta
[2022-06-17 14:31:24.824] [info] Listen: Turn Off The Light - Nelly Furtado
[2022-06-17 14:31:29.332] [info] Listen: Wait - C418
[2022-06-17 14:33:25.324] [info] Listen: Torn - Natalie Imbruglia
[2022-06-17 14:36:07.531] [info] Listen: End Of The Night - Danny Avila
[2022-06-17 14:37:03.699] [info] Listen: Silver Scrapes (feat. Protoshredanoid) - League of Legends
[2022-06-17 14:42:30.707] [warn] error on createContextMenu prepend
[2022-06-17 14:42:30.710] [warn] error on createContextMenu listeners
[2022-06-17 14:42:36.367] [warn] error on createContextMenu prepend
[2022-06-17 14:42:36.368] [warn] error on createContextMenu listeners
[2022-06-17 14:42:42.505] [warn] error on createContextMenu prepend
[2022-06-17 14:42:42.506] [warn] error on createContextMenu listeners
[2022-06-17 14:42:43.019] [warn] error on createContextMenu prepend
[2022-06-17 14:42:43.020] [warn] error on createContextMenu listeners
[2022-06-17 14:42:58.697] [warn] error on createContextMenu prepend
[2022-06-17 14:42:58.700] [warn] error on createContextMenu listeners
[2022-06-17 14:43:07.183] [warn] error on createContextMenu prepend
[2022-06-17 14:43:07.185] [warn] error on createContextMenu listeners
[2022-06-17 14:44:43.356] [warn] error on createContextMenu prepend
[2022-06-17 14:44:43.357] [warn] error on createContextMenu listeners
[2022-06-17 14:44:43.906] [warn] error on createContextMenu prepend
[2022-06-17 14:44:43.907] [warn] error on createContextMenu listeners
[2022-06-17 14:50:40.235] [info] Listen: Pigstep (Stereo Mix) - Lena Raine
[2022-06-17 14:53:10.461] [info] Listen: In The Heat Of The Night - Sandra
[2022-06-17 14:58:31.303] [info] Listen: Golddust - Dj Fresh
[2022-06-17 14:58:31.388] [warn] Failed to _doNotification: Error: Failed to serialize arguments
[2022-06-17 15:01:43.005] [info] Listen: Happy (From "Despicable Me 2") - Pharrell Williams
[2022-06-17 15:01:43.083] [warn] Failed to _doNotification: Error: Failed to serialize arguments
[2022-06-17 15:05:35.532] [info] Listen: Reality (Christmas Mix) (feat. Janieck Devy) - Lost Frequencies
[2022-06-17 15:05:35.625] [warn] Failed to _doNotification: Error: Failed to serialize arguments
[2022-06-17 15:08:15.674] [info] Listen: I Wanna Dance with Somebody (Who Loves Me) - Whitney Houston
[2022-06-17 15:08:15.750] [warn] Failed to _doNotification: Error: Failed to serialize arguments
[2022-06-17 15:19:41.582] [warn] error on createTopMiddleContent
[2022-06-17 15:19:41.585] [warn] error on createTopRightContent
[2022-06-17 15:19:41.587] [warn] error on createBottomPlayerBarContent
[2022-06-17 15:19:41.587] [warn] error on playerBarScrollToChangeVolume
