[2022-06-22 12:27:50.984] [settingssync] [info] Using settings sync service https://vscode-sync.trafficmanager.net/
[2022-06-22 12:27:50.984] [settingssync] [info] Auto Sync is enabled.
[2022-06-22 12:27:50.984] [settingssync] [info] Auto Sync: Suspended until auth token is available.
[2022-06-22 12:27:52.284] [settingssync] [info] Auto Sync: Started
[2022-06-22 12:27:52.284] [settingssync] [info] Auto Sync: Triggered by Interval
[2022-06-22 12:27:52.837] [settingssync] [info] Settings: No changes found during synchronizing settings.
[2022-06-22 12:27:52.854] [settingssync] [info] Keybindings: No changes found during synchronizing keybindings.
[2022-06-22 12:27:52.864] [settingssync] [info] Snippets: No changes found during synchronizing snippets.
[2022-06-22 12:27:52.874] [settingssync] [info] Tasks: No changes found during synchronizing tasks.
[2022-06-22 12:27:53.096] [settingssync] [info] GlobalState: Updated remote ui state
[2022-06-22 12:27:53.112] [settingssync] [info] GlobalState: Updated last synchronized ui state
[2022-06-22 12:27:53.349] [settingssync] [info] Extensions: No changes found during synchronizing extensions.
[2022-06-22 12:27:53.370] [settingssync] [info] Sync done. Took 567ms
[2022-06-22 12:27:57.265] [settingssync] [info] Auto Sync: Triggered by Activity
[2022-06-22 12:27:57.350] [settingssync] [info] Settings: No changes found during synchronizing settings.
[2022-06-22 12:27:57.354] [settingssync] [info] Keybindings: No changes found during synchronizing keybindings.
[2022-06-22 12:27:57.356] [settingssync] [info] Snippets: No changes found during synchronizing snippets.
[2022-06-22 12:27:57.358] [settingssync] [info] Tasks: No changes found during synchronizing tasks.
[2022-06-22 12:27:57.568] [settingssync] [info] GlobalState: Updated remote ui state
[2022-06-22 12:27:57.572] [settingssync] [info] GlobalState: Updated last synchronized ui state
[2022-06-22 12:27:57.638] [settingssync] [info] Extensions: No changes found during synchronizing extensions.
[2022-06-22 12:27:57.640] [settingssync] [info] Sync done. Took 298ms
[2022-06-22 12:28:16.945] [settingssync] [info] Auto Sync: Triggered by Activity
[2022-06-22 12:28:17.215] [settingssync] [info] Settings: No changes found during synchronizing settings.
[2022-06-22 12:28:17.226] [settingssync] [info] Keybindings: No changes found during synchronizing keybindings.
[2022-06-22 12:28:17.259] [settingssync] [info] Snippets: No changes found during synchronizing snippets.
[2022-06-22 12:28:17.266] [settingssync] [info] Tasks: No changes found during synchronizing tasks.
[2022-06-22 12:28:17.477] [settingssync] [info] GlobalState: Updated remote ui state
[2022-06-22 12:28:17.483] [settingssync] [info] GlobalState: Updated last synchronized ui state
[2022-06-22 12:28:17.589] [settingssync] [info] Extensions: No changes found during synchronizing extensions.
[2022-06-22 12:28:17.591] [settingssync] [info] Sync done. Took 428ms
[2022-06-22 12:31:22.284] [settingssync] [info] Auto Sync: Triggered by Activity
[2022-06-22 12:31:22.542] [settingssync] [info] Settings: No changes found during synchronizing settings.
[2022-06-22 12:31:22.548] [settingssync] [info] Keybindings: No changes found during synchronizing keybindings.
[2022-06-22 12:31:22.551] [settingssync] [info] Snippets: No changes found during synchronizing snippets.
[2022-06-22 12:31:22.555] [settingssync] [info] Tasks: No changes found during synchronizing tasks.
[2022-06-22 12:31:22.563] [settingssync] [info] GlobalState: No changes found during synchronizing ui state.
[2022-06-22 12:31:22.768] [settingssync] [info] Extensions: No changes found during synchronizing extensions.
[2022-06-22 12:31:22.789] [settingssync] [info] Sync done. Took 245ms
[2022-06-22 12:31:32.520] [settingssync] [info] Auto Sync: Triggered by Activity
[2022-06-22 12:31:32.621] [settingssync] [info] Settings: No changes found during synchronizing settings.
[2022-06-22 12:31:32.624] [settingssync] [info] Keybindings: No changes found during synchronizing keybindings.
[2022-06-22 12:31:32.628] [settingssync] [info] Snippets: No changes found during synchronizing snippets.
[2022-06-22 12:31:32.631] [settingssync] [info] Tasks: No changes found during synchronizing tasks.
[2022-06-22 12:31:33.178] [settingssync] [info] GlobalState: Updated remote ui state
[2022-06-22 12:31:33.186] [settingssync] [info] GlobalState: Updated last synchronized ui state
[2022-06-22 12:31:33.265] [settingssync] [info] Extensions: No changes found during synchronizing extensions.
[2022-06-22 12:31:33.268] [settingssync] [info] Sync done. Took 665ms
[2022-06-22 12:33:18.918] [settingssync] [info] Auto Sync: Triggered by Activity
[2022-06-22 12:33:19.008] [settingssync] [info] Settings: No changes found during synchronizing settings.
[2022-06-22 12:33:19.016] [settingssync] [info] Keybindings: No changes found during synchronizing keybindings.
[2022-06-22 12:33:19.021] [settingssync] [info] Snippets: No changes found during synchronizing snippets.
[2022-06-22 12:33:19.024] [settingssync] [info] Tasks: No changes found during synchronizing tasks.
[2022-06-22 12:33:19.035] [settingssync] [info] GlobalState: No changes found during synchronizing ui state.
[2022-06-22 12:33:19.121] [settingssync] [info] Extensions: No changes found during synchronizing extensions.
[2022-06-22 12:33:19.123] [settingssync] [info] Sync done. Took 128ms
[2022-06-22 12:37:15.260] [settingssync] [info] Auto Sync: Triggered by Activity
[2022-06-22 12:37:15.463] [settingssync] [info] Settings: No changes found during synchronizing settings.
[2022-06-22 12:37:15.468] [settingssync] [info] Keybindings: No changes found during synchronizing keybindings.
[2022-06-22 12:37:15.471] [settingssync] [info] Snippets: No changes found during synchronizing snippets.
[2022-06-22 12:37:15.474] [settingssync] [info] Tasks: No changes found during synchronizing tasks.
[2022-06-22 12:37:15.478] [settingssync] [info] GlobalState: No changes found during synchronizing ui state.
[2022-06-22 12:37:15.544] [settingssync] [info] Extensions: No changes found during synchronizing extensions.
[2022-06-22 12:37:15.546] [settingssync] [info] Sync done. Took 89ms
