[2022-06-20T12:48:10.890Z] Log level: Info
[2022-06-20T12:48:10.891Z] [info] Validating found git in: git
[2022-06-20T12:48:11.500Z] [info] Using git 2.36.1 from git
[2022-06-20T12:48:11.678Z] > git rev-parse --show-toplevel [153ms]
[2022-06-20T12:48:11.701Z] > git rev-parse --git-dir --git-common-dir [7ms]
[2022-06-20T12:48:11.708Z] [info] Open repository: /home/artur/Projects/simulat
[2022-06-20T12:48:11.741Z] > git status -z -uall [9ms]
[2022-06-20T12:48:11.757Z] > git symbolic-ref --short HEAD [2ms]
[2022-06-20T12:48:11.777Z] > git for-each-ref --format=%(refname)%00%(upstream:short)%00%(objectname)%00%(upstream:track)%00%(upstream:remotename)%00%(upstream:remoteref) refs/heads/main refs/remotes/main [3ms]
[2022-06-20T12:48:11.806Z] > git remote --verbose [10ms]
[2022-06-20T12:48:11.809Z] > git for-each-ref --sort -committerdate --format %(refname) %(objectname) %(*objectname) [20ms]
[2022-06-20T12:48:11.833Z] > git config --get commit.template [7ms]
[2022-06-20T12:48:12.161Z] > git show --textconv :main.py [22ms]
[2022-06-20T12:48:12.182Z] > git fetch [464ms]
[2022-06-20T12:48:12.191Z] > git ls-files --stage -- /home/artur/Projects/simulat/main.py [33ms]
[2022-06-20T12:48:12.199Z] > git status -z -uall [8ms]
[2022-06-20T12:48:12.214Z] > git symbolic-ref --short HEAD [5ms]
[2022-06-20T12:48:12.222Z] > git cat-file -s 61d653cd4a36c2635719c502a480f233435eb461 [24ms]
[2022-06-20T12:48:12.224Z] > git for-each-ref --format=%(refname)%00%(upstream:short)%00%(objectname)%00%(upstream:track)%00%(upstream:remotename)%00%(upstream:remoteref) refs/heads/main refs/remotes/main [2ms]
[2022-06-20T12:48:12.260Z] > git check-ignore -v -z --stdin [7ms]
[2022-06-20T12:48:12.262Z] > git remote --verbose [18ms]
[2022-06-20T12:48:12.262Z] > git for-each-ref --sort -committerdate --format %(refname) %(objectname) %(*objectname) [28ms]
[2022-06-20T12:48:12.312Z] > git config --get commit.template [12ms]
[2022-06-20T12:48:13.428Z] > git ls-files --stage -- /home/artur/Projects/simulat/main.py [57ms]
[2022-06-20T12:48:13.464Z] > git cat-file -s 61d653cd4a36c2635719c502a480f233435eb461 [18ms]
[2022-06-20T12:48:13.554Z] > git show --textconv :main.py [2ms]
[2022-06-20T12:51:12.776Z] > git fetch [456ms]
[2022-06-20T12:51:12.783Z] > git status -z -uall [1ms]
[2022-06-20T12:51:12.791Z] > git symbolic-ref --short HEAD [1ms]
[2022-06-20T12:51:12.800Z] > git for-each-ref --format=%(refname)%00%(upstream:short)%00%(objectname)%00%(upstream:track)%00%(upstream:remotename)%00%(upstream:remoteref) refs/heads/main refs/remotes/main [1ms]
[2022-06-20T12:51:12.814Z] > git for-each-ref --sort -committerdate --format %(refname) %(objectname) %(*objectname) [7ms]
[2022-06-20T12:51:12.814Z] > git remote --verbose [1ms]
[2022-06-20T12:51:12.822Z] > git config --get commit.template [1ms]
[2022-06-20T12:51:13.834Z] > git status -z -uall [1ms]
[2022-06-20T12:51:13.841Z] > git symbolic-ref --short HEAD [1ms]
[2022-06-20T12:51:13.847Z] > git for-each-ref --format=%(refname)%00%(upstream:short)%00%(objectname)%00%(upstream:track)%00%(upstream:remotename)%00%(upstream:remoteref) refs/heads/main refs/remotes/main [1ms]
[2022-06-20T12:51:13.858Z] > git for-each-ref --sort -committerdate --format %(refname) %(objectname) %(*objectname) [5ms]
[2022-06-20T12:51:13.859Z] > git remote --verbose [1ms]
[2022-06-20T12:51:13.867Z] > git config --get commit.template [1ms]
[2022-06-20T12:51:13.937Z] > git ls-files --stage -- /home/artur/Projects/simulat/main.py [1ms]
[2022-06-20T12:51:13.944Z] > git cat-file -s 61d653cd4a36c2635719c502a480f233435eb461 [1ms]
[2022-06-20T12:51:13.953Z] > git show --textconv :main.py [1ms]
[2022-06-20T12:56:48.651Z] > git fetch [476ms]
[2022-06-20T12:56:48.660Z] > git status -z -uall [1ms]
[2022-06-20T12:56:48.669Z] > git symbolic-ref --short HEAD [0ms]
[2022-06-20T12:56:48.678Z] > git for-each-ref --format=%(refname)%00%(upstream:short)%00%(objectname)%00%(upstream:track)%00%(upstream:remotename)%00%(upstream:remoteref) refs/heads/main refs/remotes/main [2ms]
[2022-06-20T12:56:48.693Z] > git for-each-ref --sort -committerdate --format %(refname) %(objectname) %(*objectname) [8ms]
[2022-06-20T12:56:48.695Z] > git remote --verbose [3ms]
[2022-06-20T12:56:48.706Z] > git config --get commit.template [1ms]
[2022-06-20T13:07:33.024Z] > git ls-files --stage -- /home/artur/Projects/simulat/main.py [11ms]
[2022-06-20T13:07:33.063Z] > git cat-file -s 61d653cd4a36c2635719c502a480f233435eb461 [15ms]
[2022-06-20T13:07:33.085Z] > git show --textconv :main.py [2ms]
[2022-06-20T13:07:33.428Z] > git fetch [536ms]
[2022-06-20T13:07:33.436Z] > git status -z -uall [2ms]
[2022-06-20T13:07:33.453Z] > git symbolic-ref --short HEAD [2ms]
[2022-06-20T13:07:33.467Z] > git for-each-ref --format=%(refname)%00%(upstream:short)%00%(objectname)%00%(upstream:track)%00%(upstream:remotename)%00%(upstream:remoteref) refs/heads/main refs/remotes/main [3ms]
[2022-06-20T13:07:33.493Z] > git remote --verbose [5ms]
[2022-06-20T13:07:33.493Z] > git for-each-ref --sort -committerdate --format %(refname) %(objectname) %(*objectname) [13ms]
[2022-06-20T13:07:33.511Z] > git config --get commit.template [9ms]
[2022-06-20T13:07:34.619Z] > git ls-files --stage -- /home/artur/Projects/simulat/main.py [1ms]
[2022-06-20T13:07:34.628Z] > git cat-file -s 61d653cd4a36c2635719c502a480f233435eb461 [2ms]
[2022-06-20T13:07:34.644Z] > git show --textconv :main.py [2ms]
[2022-06-20T13:07:53.515Z] > git show --textconv :TODO [46ms]
[2022-06-20T13:07:53.515Z] > git ls-files --stage -- /home/artur/Projects/simulat/TODO [35ms]
[2022-06-20T13:07:53.594Z] > git cat-file -s d308cf2a3402d0773f1609ab8c113012918174ba [43ms]
[2022-06-20T13:07:59.138Z] > git status -z -uall [2ms]
[2022-06-20T13:07:59.153Z] > git symbolic-ref --short HEAD [1ms]
[2022-06-20T13:07:59.163Z] > git for-each-ref --format=%(refname)%00%(upstream:short)%00%(objectname)%00%(upstream:track)%00%(upstream:remotename)%00%(upstream:remoteref) refs/heads/main refs/remotes/main [2ms]
[2022-06-20T13:07:59.177Z] > git for-each-ref --sort -committerdate --format %(refname) %(objectname) %(*objectname) [6ms]
[2022-06-20T13:07:59.179Z] > git remote --verbose [3ms]
[2022-06-20T13:07:59.189Z] > git config --get commit.template [2ms]
[2022-06-20T13:08:27.743Z] > git status -z -uall [2ms]
[2022-06-20T13:08:27.751Z] > git symbolic-ref --short HEAD [1ms]
[2022-06-20T13:08:27.758Z] > git for-each-ref --format=%(refname)%00%(upstream:short)%00%(objectname)%00%(upstream:track)%00%(upstream:remotename)%00%(upstream:remoteref) refs/heads/main refs/remotes/main [1ms]
[2022-06-20T13:08:27.771Z] > git for-each-ref --sort -committerdate --format %(refname) %(objectname) %(*objectname) [6ms]
[2022-06-20T13:08:27.774Z] > git remote --verbose [3ms]
[2022-06-20T13:08:27.786Z] > git config --get commit.template [1ms]
[2022-06-20T13:08:27.846Z] > git ls-files --stage -- /home/artur/Projects/simulat/TODO [2ms]
[2022-06-20T13:08:27.856Z] > git cat-file -s d308cf2a3402d0773f1609ab8c113012918174ba [3ms]
[2022-06-20T13:08:27.871Z] > git show --textconv :TODO [1ms]
[2022-06-20T13:10:34.699Z] > git ls-files --stage -- /home/artur/Projects/simulat/TODO [1ms]
[2022-06-20T13:10:34.714Z] > git cat-file -s d308cf2a3402d0773f1609ab8c113012918174ba [1ms]
[2022-06-20T13:10:34.729Z] > git show --textconv :TODO [2ms]
[2022-06-20T13:10:35.104Z] > git fetch [1584ms]
[2022-06-20T13:10:35.114Z] > git status -z -uall [3ms]
[2022-06-20T13:10:35.123Z] > git symbolic-ref --short HEAD [1ms]
[2022-06-20T13:10:35.131Z] > git for-each-ref --format=%(refname)%00%(upstream:short)%00%(objectname)%00%(upstream:track)%00%(upstream:remotename)%00%(upstream:remoteref) refs/heads/main refs/remotes/main [2ms]
[2022-06-20T13:10:35.150Z] > git for-each-ref --sort -committerdate --format %(refname) %(objectname) %(*objectname) [10ms]
[2022-06-20T13:10:35.152Z] > git remote --verbose [3ms]
[2022-06-20T13:10:35.167Z] > git config --get commit.template [2ms]
[2022-06-20T13:10:35.183Z] > git status -z -uall [5ms]
[2022-06-20T13:10:35.194Z] > git symbolic-ref --short HEAD [3ms]
[2022-06-20T13:10:35.203Z] > git for-each-ref --format=%(refname)%00%(upstream:short)%00%(objectname)%00%(upstream:track)%00%(upstream:remotename)%00%(upstream:remoteref) refs/heads/main refs/remotes/main [1ms]
[2022-06-20T13:10:35.230Z] > git remote --verbose [12ms]
[2022-06-20T13:10:35.231Z] > git for-each-ref --sort -committerdate --format %(refname) %(objectname) %(*objectname) [21ms]
[2022-06-20T13:10:35.242Z] > git config --get commit.template [1ms]
[2022-06-20T13:10:36.139Z] > git ls-files --stage -- /home/artur/Projects/simulat/TODO [2ms]
[2022-06-20T13:10:36.154Z] > git cat-file -s d308cf2a3402d0773f1609ab8c113012918174ba [2ms]
[2022-06-20T13:10:36.184Z] > git show --textconv :TODO [5ms]
[2022-06-20T13:10:40.507Z] > git status -z -uall [1ms]
[2022-06-20T13:10:40.517Z] > git symbolic-ref --short HEAD [3ms]
[2022-06-20T13:10:40.525Z] > git for-each-ref --format=%(refname)%00%(upstream:short)%00%(objectname)%00%(upstream:track)%00%(upstream:remotename)%00%(upstream:remoteref) refs/heads/main refs/remotes/main [2ms]
[2022-06-20T13:10:40.544Z] > git remote --verbose [1ms]
[2022-06-20T13:10:40.544Z] > git for-each-ref --sort -committerdate --format %(refname) %(objectname) %(*objectname) [8ms]
[2022-06-20T13:10:40.557Z] > git config --get commit.template [1ms]
[2022-06-20T13:10:40.612Z] > git ls-files --stage -- /home/artur/Projects/simulat/TODO [1ms]
[2022-06-20T13:10:40.619Z] > git cat-file -s e69de29bb2d1d6434b8b29ae775ad8c2e48c5391 [1ms]
[2022-06-20T13:10:40.658Z] > git show --textconv :TODO [3ms]
[2022-06-20T13:10:54.106Z] > git status -z -uall [2ms]
[2022-06-20T13:10:54.121Z] > git symbolic-ref --short HEAD [1ms]
[2022-06-20T13:10:54.132Z] > git for-each-ref --format=%(refname)%00%(upstream:short)%00%(objectname)%00%(upstream:track)%00%(upstream:remotename)%00%(upstream:remoteref) refs/heads/main refs/remotes/main [2ms]
[2022-06-20T13:10:54.147Z] > git for-each-ref --sort -committerdate --format %(refname) %(objectname) %(*objectname) [7ms]
[2022-06-20T13:10:54.149Z] > git remote --verbose [3ms]
[2022-06-20T13:10:54.167Z] > git config --get commit.template [2ms]
[2022-06-20T13:10:54.233Z] > git ls-files --stage -- /home/artur/Projects/simulat/TODO [2ms]
[2022-06-20T13:10:54.248Z] > git cat-file -s e69de29bb2d1d6434b8b29ae775ad8c2e48c5391 [1ms]
[2022-06-20T13:10:54.285Z] > git show --textconv :TODO [3ms]
