[2022-06-20 13:31:53.246] [exthost] [info] Extension host with pid 23231 started
[2022-06-20 13:31:53.246] [exthost] [info] Skipping acquiring lock for /home/artur/.config/Code/User/workspaceStorage/2e976be66e085b1b032348259026f43d.
[2022-06-20 13:31:53.448] [exthost] [info] ExtensionService#_doActivateExtension ms-python.python, startup: false, activationEvent: 'onLanguage:python'
[2022-06-20 13:31:53.530] [exthost] [info] ExtensionService#_doActivateExtension ms-toolsai.jupyter, startup: false, activationEvent: 'onLanguage:python'
[2022-06-20 13:31:53.627] [exthost] [info] ExtensionService#_doActivateExtension vscode.microsoft-authentication, startup: false, activationEvent: 'onAuthenticationRequest:microsoft'
[2022-06-20 13:31:53.649] [exthost] [info] ExtensionService#_doActivateExtension vscode.debug-auto-launch, startup: true, activationEvent: '*'
[2022-06-20 13:31:53.651] [exthost] [info] ExtensionService#_doActivateExtension vscode.git-base, startup: true, activationEvent: '*', root cause: vscode.git
[2022-06-20 13:31:53.653] [exthost] [info] ExtensionService#_doActivateExtension vscode.ipynb, startup: true, activationEvent: '*'
[2022-06-20 13:31:53.657] [exthost] [info] ExtensionService#_doActivateExtension icrawl.discord-vscode, startup: true, activationEvent: '*'
[2022-06-20 13:31:53.666] [exthost] [info] ExtensionService#_doActivateExtension tonybaloney.vscode-pets, startup: true, activationEvent: '*'
[2022-06-20 13:31:53.676] [exthost] [info] ExtensionService#_doActivateExtension vscode-icons-team.vscode-icons, startup: true, activationEvent: '*'
[2022-06-20 13:31:53.697] [exthost] [info] ExtensionService#_doActivateExtension yzhang.markdown-all-in-one, startup: true, activationEvent: 'workspaceContains:README.md'
[2022-06-20 13:31:53.842] [exthost] [info] ExtensionService#_doActivateExtension vscode.markdown-math, startup: false, activationEvent: 'api', root cause: yzhang.markdown-all-in-one
[2022-06-20 13:31:54.408] [exthost] [info] ExtensionService#_doActivateExtension vscode.git, startup: true, activationEvent: '*'
[2022-06-20 13:31:54.423] [exthost] [info] ExtensionService#_doActivateExtension vscode.github, startup: true, activationEvent: '*'
[2022-06-20 13:31:54.978] [exthost] [info] ExtensionService#_doActivateExtension ms-toolsai.jupyter-renderers, startup: false, activationEvent: 'api', root cause: ms-toolsai.jupyter
[2022-06-20 13:31:54.979] [exthost] [info] ExtensionService#_doActivateExtension ms-python.vscode-pylance, startup: false, activationEvent: 'onLanguage:python'
[2022-06-20 13:31:55.101] [exthost] [info] Eager extensions activated
[2022-06-20 13:31:55.174] [exthost] [info] ExtensionService#_doActivateExtension vscode.github-authentication, startup: false, activationEvent: 'onAuthenticationRequest:github'
[2022-06-20 13:31:55.184] [exthost] [info] ExtensionService#_doActivateExtension vscode.emmet, startup: false, activationEvent: 'onStartupFinished'
[2022-06-20 13:31:55.192] [exthost] [info] ExtensionService#_doActivateExtension vscode.merge-conflict, startup: false, activationEvent: 'onStartupFinished'
[2022-06-20 13:31:55.194] [exthost] [info] ExtensionService#_doActivateExtension eamodio.gitlens, startup: false, activationEvent: 'onStartupFinished'
[2022-06-20 13:31:55.235] [exthost] [info] ExtensionService#_doActivateExtension PKief.material-icon-theme, startup: false, activationEvent: 'onStartupFinished'
[2022-06-20 13:31:55.989] [exthost] [info] ExtensionService#_doActivateExtension vscode.configuration-editing, startup: false, activationEvent: 'onLanguage:jsonc'
[2022-06-20 13:31:55.991] [exthost] [info] ExtensionService#_doActivateExtension vscode.json-language-features, startup: false, activationEvent: 'onLanguage:jsonc'
[2022-06-20 13:31:56.014] [exthost] [info] ExtensionService#_doActivateExtension vscode.typescript-language-features, startup: false, activationEvent: 'onLanguage:jsonc'
[2022-06-20 13:33:07.291] [exthost] [warning] TextEditor is closed/disposed
[2022-06-20 13:35:44.367] [exthost] [warning] TextEditor is closed/disposed
[2022-06-20 13:35:50.386] [exthost] [warning] TextEditor is closed/disposed
[2022-06-20 13:35:59.985] [exthost] [warning] TextEditor is closed/disposed
[2022-06-20 13:36:14.070] [exthost] [warning] TextEditor is closed/disposed
[2022-06-20 13:36:26.902] [exthost] [warning] TextEditor is closed/disposed
[2022-06-20 13:36:28.083] [exthost] [warning] TextEditor is closed/disposed
[2022-06-20 13:37:33.880] [exthost] [warning] TextEditor is closed/disposed
[2022-06-20 13:37:55.153] [exthost] [warning] TextEditor is closed/disposed
[2022-06-20 13:39:33.821] [exthost] [warning] ms-python.python - Code actions of kind 'quickfix 'requested but returned code action is of kind 'refactor.extract'. Code action will be dropped. Please check 'CodeActionContext.only' to only return requested code actions.
[2022-06-20 13:39:33.821] [exthost] [warning] ms-python.python - Code actions of kind 'quickfix 'requested but returned code action is of kind 'refactor.extract'. Code action will be dropped. Please check 'CodeActionContext.only' to only return requested code actions.
[2022-06-20 13:39:35.502] [exthost] [warning] ms-python.python - Code actions of kind 'quickfix 'requested but returned code action is of kind 'refactor.extract'. Code action will be dropped. Please check 'CodeActionContext.only' to only return requested code actions.
[2022-06-20 13:39:35.502] [exthost] [warning] ms-python.python - Code actions of kind 'quickfix 'requested but returned code action is of kind 'refactor.extract'. Code action will be dropped. Please check 'CodeActionContext.only' to only return requested code actions.
[2022-06-20 13:39:38.231] [exthost] [warning] ms-python.python - Code actions of kind 'quickfix 'requested but returned code action is of kind 'refactor.extract'. Code action will be dropped. Please check 'CodeActionContext.only' to only return requested code actions.
[2022-06-20 13:39:38.231] [exthost] [warning] ms-python.python - Code actions of kind 'quickfix 'requested but returned code action is of kind 'refactor.extract'. Code action will be dropped. Please check 'CodeActionContext.only' to only return requested code actions.
[2022-06-20 13:39:40.547] [exthost] [warning] ms-python.python - Code actions of kind 'quickfix 'requested but returned code action is of kind 'refactor.extract'. Code action will be dropped. Please check 'CodeActionContext.only' to only return requested code actions.
[2022-06-20 13:39:40.547] [exthost] [warning] ms-python.python - Code actions of kind 'quickfix 'requested but returned code action is of kind 'refactor.extract'. Code action will be dropped. Please check 'CodeActionContext.only' to only return requested code actions.
[2022-06-20 13:39:42.961] [exthost] [warning] ms-python.python - Code actions of kind 'quickfix 'requested but returned code action is of kind 'refactor.extract'. Code action will be dropped. Please check 'CodeActionContext.only' to only return requested code actions.
[2022-06-20 13:39:42.961] [exthost] [warning] ms-python.python - Code actions of kind 'quickfix 'requested but returned code action is of kind 'refactor.extract'. Code action will be dropped. Please check 'CodeActionContext.only' to only return requested code actions.
[2022-06-20 13:40:07.204] [exthost] [warning] TextEditor is closed/disposed
[2022-06-20 13:40:16.319] [exthost] [warning] TextEditor is closed/disposed
[2022-06-20 13:40:16.861] [exthost] [warning] TextEditor is closed/disposed
[2022-06-20 13:40:57.581] [exthost] [warning] TextEditor is closed/disposed
[2022-06-20 13:41:14.638] [exthost] [warning] TextEditor is closed/disposed
[2022-06-20 13:42:19.978] [exthost] [warning] ms-python.python - Code actions of kind 'quickfix 'requested but returned code action is of kind 'refactor.extract'. Code action will be dropped. Please check 'CodeActionContext.only' to only return requested code actions.
[2022-06-20 13:42:19.978] [exthost] [warning] ms-python.python - Code actions of kind 'quickfix 'requested but returned code action is of kind 'refactor.extract'. Code action will be dropped. Please check 'CodeActionContext.only' to only return requested code actions.
[2022-06-20 13:44:24.891] [exthost] [warning] TextEditor is closed/disposed
[2022-06-20 13:44:26.684] [exthost] [info] ExtensionService#_doActivateExtension vscode.debug-server-ready, startup: false, activationEvent: 'onDebugResolve'
[2022-06-20 13:50:29.827] [exthost] [warning] TextEditor is closed/disposed
[2022-06-20 13:50:58.274] [exthost] [warning] TextEditor is closed/disposed
[2022-06-20 13:51:43.742] [exthost] [warning] TextEditor is closed/disposed
[2022-06-20 13:52:16.414] [exthost] [warning] TextEditor is closed/disposed
[2022-06-20 13:52:22.735] [exthost] [warning] TextEditor is closed/disposed
[2022-06-20 14:46:10.487] [exthost] [warning] TextEditor is closed/disposed
[2022-06-20 14:48:05.180] [exthost] [info] Extension host terminating: received terminate message from renderer
[2022-06-20 14:48:05.245] [exthost] [warning] {"name":"Canceled"}
[2022-06-20 14:48:05.273] [exthost] [info] Extension host with pid 23231 exiting with code 0
