[2022-06-22T10:28:15.764Z] Log level: Info
[2022-06-22T10:28:15.765Z] [info] Validating found git in: git
[2022-06-22T10:28:15.782Z] [info] Using git 2.36.1 from git
[2022-06-22T10:28:15.801Z] > git rev-parse --show-toplevel [10ms]
[2022-06-22T10:28:15.812Z] > git rev-parse --git-dir --git-common-dir [3ms]
[2022-06-22T10:28:15.818Z] [info] Open repository: /home/artur/Projects/simulat
[2022-06-22T10:28:15.834Z] > git status -z -uall [3ms]
[2022-06-22T10:28:15.850Z] > git symbolic-ref --short HEAD [9ms]
[2022-06-22T10:28:15.858Z] > git for-each-ref --format=%(refname)%00%(upstream:short)%00%(objectname)%00%(upstream:track)%00%(upstream:remotename)%00%(upstream:remoteref) refs/heads/main refs/remotes/main [1ms]
[2022-06-22T10:28:15.874Z] > git for-each-ref --sort -committerdate --format %(refname) %(objectname) %(*objectname) [9ms]
[2022-06-22T10:28:15.884Z] > git remote --verbose [11ms]
[2022-06-22T10:28:15.901Z] > git config --get commit.template [7ms]
[2022-06-22T10:28:16.183Z] > git show --textconv :TODO [25ms]
[2022-06-22T10:28:16.185Z] > git ls-files --stage -- /home/artur/Projects/simulat/TODO [21ms]
[2022-06-22T10:28:16.197Z] > git cat-file -s e69de29bb2d1d6434b8b29ae775ad8c2e48c5391 [4ms]
[2022-06-22T10:28:16.560Z] > git check-ignore -v -z --stdin [11ms]
[2022-06-22T10:28:16.760Z] > git show --textconv :.vscode/launch.json [6ms]
[2022-06-22T10:28:16.762Z] > git ls-files --stage -- /home/artur/Projects/simulat/.vscode/launch.json [2ms]
[2022-06-22T10:28:17.326Z] > git show --textconv :.vscode/settings.json [7ms]
[2022-06-22T10:28:17.329Z] > git ls-files --stage -- /home/artur/Projects/simulat/.vscode/settings.json [3ms]
[2022-06-22T10:28:17.347Z] > git fetch [1521ms]
[2022-06-22T10:28:17.358Z] > git status -z -uall [1ms]
[2022-06-22T10:28:17.368Z] > git symbolic-ref --short HEAD [4ms]
[2022-06-22T10:28:17.375Z] > git for-each-ref --format=%(refname)%00%(upstream:short)%00%(objectname)%00%(upstream:track)%00%(upstream:remotename)%00%(upstream:remoteref) refs/heads/main refs/remotes/main [1ms]
[2022-06-22T10:28:17.393Z] > git remote --verbose [4ms]
[2022-06-22T10:28:17.393Z] > git for-each-ref --sort -committerdate --format %(refname) %(objectname) %(*objectname) [11ms]
[2022-06-22T10:28:17.404Z] > git config --get commit.template [3ms]
[2022-06-22T10:28:18.390Z] > git ls-files --stage -- /home/artur/Projects/simulat/.vscode/settings.json [1ms]
[2022-06-22T10:28:18.398Z] > git show --textconv :.vscode/settings.json [1ms]
[2022-06-22T10:31:20.493Z] > git ls-files --stage -- /home/artur/Projects/simulat/.vscode/settings.json [1ms]
[2022-06-22T10:31:20.503Z] > git show --textconv :.vscode/settings.json [1ms]
[2022-06-22T10:31:20.741Z] > git fetch [1417ms]
[2022-06-22T10:31:20.749Z] > git status -z -uall [1ms]
[2022-06-22T10:31:20.758Z] > git symbolic-ref --short HEAD [2ms]
[2022-06-22T10:31:20.766Z] > git for-each-ref --format=%(refname)%00%(upstream:short)%00%(objectname)%00%(upstream:track)%00%(upstream:remotename)%00%(upstream:remoteref) refs/heads/main refs/remotes/main [1ms]
[2022-06-22T10:31:20.778Z] > git remote --verbose [2ms]
[2022-06-22T10:31:20.778Z] > git for-each-ref --sort -committerdate --format %(refname) %(objectname) %(*objectname) [6ms]
[2022-06-22T10:31:20.788Z] > git config --get commit.template [1ms]
[2022-06-22T10:31:21.718Z] > git show --textconv :.vscode/launch.json [6ms]
[2022-06-22T10:31:21.719Z] > git ls-files --stage -- /home/artur/Projects/simulat/.vscode/launch.json [1ms]
[2022-06-22T10:31:21.789Z] > git ls-files --stage -- /home/artur/Projects/simulat/.vscode/launch.json [0ms]
[2022-06-22T10:31:21.800Z] > git show --textconv :.vscode/launch.json [2ms]
[2022-06-22T10:31:30.182Z] > git show --textconv :dialogs/game.py [455ms]
[2022-06-22T10:31:30.215Z] > git ls-files --stage -- /home/artur/Projects/simulat/dialogs/game.py [481ms]
[2022-06-22T10:31:30.236Z] > git cat-file -s f1a9e44f46966e245ea19b1e9dc2535427b61bcf [13ms]
[2022-06-22T10:32:11.667Z] > git status -z -uall [1ms]
[2022-06-22T10:32:11.674Z] > git symbolic-ref --short HEAD [1ms]
[2022-06-22T10:32:11.680Z] > git for-each-ref --format=%(refname)%00%(upstream:short)%00%(objectname)%00%(upstream:track)%00%(upstream:remotename)%00%(upstream:remoteref) refs/heads/main refs/remotes/main [1ms]
[2022-06-22T10:32:11.692Z] > git remote --verbose [1ms]
[2022-06-22T10:32:11.693Z] > git for-each-ref --sort -committerdate --format %(refname) %(objectname) %(*objectname) [7ms]
[2022-06-22T10:32:11.702Z] > git config --get commit.template [1ms]
[2022-06-22T10:32:11.770Z] > git ls-files --stage -- /home/artur/Projects/simulat/dialogs/game.py [1ms]
[2022-06-22T10:32:11.776Z] > git cat-file -s f1a9e44f46966e245ea19b1e9dc2535427b61bcf [1ms]
[2022-06-22T10:32:11.786Z] > git show --textconv :dialogs/game.py [1ms]
[2022-06-22T10:32:13.205Z] > git ls-files --stage -- /home/artur/Projects/simulat/dialogs/game.py [1ms]
[2022-06-22T10:32:13.210Z] > git cat-file -s f1a9e44f46966e245ea19b1e9dc2535427b61bcf [0ms]
[2022-06-22T10:32:13.221Z] > git show --textconv :dialogs/game.py [1ms]
[2022-06-22T10:32:16.713Z] > git status -z -uall [2ms]
[2022-06-22T10:32:16.720Z] > git symbolic-ref --short HEAD [1ms]
[2022-06-22T10:32:16.726Z] > git for-each-ref --format=%(refname)%00%(upstream:short)%00%(objectname)%00%(upstream:track)%00%(upstream:remotename)%00%(upstream:remoteref) refs/heads/main refs/remotes/main [1ms]
[2022-06-22T10:32:16.737Z] > git for-each-ref --sort -committerdate --format %(refname) %(objectname) %(*objectname) [5ms]
[2022-06-22T10:32:16.737Z] > git remote --verbose [1ms]
[2022-06-22T10:32:16.745Z] > git config --get commit.template [1ms]
[2022-06-22T10:32:25.111Z] > git ls-files --stage -- /home/artur/Projects/simulat/dialogs/game.py [1ms]
[2022-06-22T10:32:25.118Z] > git cat-file -s f1a9e44f46966e245ea19b1e9dc2535427b61bcf [1ms]
[2022-06-22T10:32:25.128Z] > git show --textconv :dialogs/game.py [1ms]
[2022-06-22T10:32:25.234Z] > git status -z -uall [1ms]
[2022-06-22T10:32:25.241Z] > git symbolic-ref --short HEAD [1ms]
[2022-06-22T10:32:25.247Z] > git for-each-ref --format=%(refname)%00%(upstream:short)%00%(objectname)%00%(upstream:track)%00%(upstream:remotename)%00%(upstream:remoteref) refs/heads/main refs/remotes/main [1ms]
[2022-06-22T10:32:25.256Z] > git for-each-ref --sort -committerdate --format %(refname) %(objectname) %(*objectname) [5ms]
[2022-06-22T10:32:25.256Z] > git remote --verbose [0ms]
[2022-06-22T10:32:25.265Z] > git config --get commit.template [1ms]
[2022-06-22T10:37:13.457Z] > git ls-files --stage -- /home/artur/Projects/simulat/dialogs/game.py [1ms]
[2022-06-22T10:37:13.463Z] > git cat-file -s f1a9e44f46966e245ea19b1e9dc2535427b61bcf [1ms]
[2022-06-22T10:37:13.476Z] > git show --textconv :dialogs/game.py [1ms]
[2022-06-22T10:37:13.799Z] > git fetch [1506ms]
[2022-06-22T10:37:13.806Z] > git status -z -uall [1ms]
[2022-06-22T10:37:13.814Z] > git symbolic-ref --short HEAD [1ms]
[2022-06-22T10:37:13.821Z] > git for-each-ref --format=%(refname)%00%(upstream:short)%00%(objectname)%00%(upstream:track)%00%(upstream:remotename)%00%(upstream:remoteref) refs/heads/main refs/remotes/main [1ms]
[2022-06-22T10:37:13.835Z] > git for-each-ref --sort -committerdate --format %(refname) %(objectname) %(*objectname) [7ms]
[2022-06-22T10:37:13.835Z] > git remote --verbose [1ms]
[2022-06-22T10:37:13.844Z] > git config --get commit.template [0ms]
[2022-06-22T10:37:14.842Z] > git ls-files --stage -- /home/artur/Projects/simulat/dialogs/game.py [1ms]
[2022-06-22T10:37:14.849Z] > git cat-file -s f1a9e44f46966e245ea19b1e9dc2535427b61bcf [1ms]
[2022-06-22T10:37:14.859Z] > git show --textconv :dialogs/game.py [1ms]
